{"timestamp":"2025-07-30T09:28:52.904197","level":"info","event":"DAG bundles loaded: dags-folder, example_dags","logger":"airflow.dag_processing.bundles.manager.DagBundlesManager"}
{"timestamp":"2025-07-30T09:28:52.904606","level":"info","event":"Filling up the DagBag from /home/user/airflow/dags/my_first_dag.py","logger":"airflow.models.dagbag.DagBag"}
{"timestamp":"2025-07-30T09:28:53.661758Z","level":"info","event":"Task instance is in running state","chan":"stdout","logger":"task"}
{"timestamp":"2025-07-30T09:28:53.661880Z","level":"info","event":" Previous state of the Task instance: TaskInstanceState.QUEUED","chan":"stdout","logger":"task"}
{"timestamp":"2025-07-30T09:28:53.661943Z","level":"info","event":"Current task name:download_historical_images","chan":"stdout","logger":"task"}
{"timestamp":"2025-07-30T09:28:53.661970Z","level":"info","event":"Dag name:ndvi_change_detection_pipeline_branching","chan":"stdout","logger":"task"}
{"timestamp":"2025-07-30T09:28:56.193385Z","level":"info","event":"Found 26 images between 2025-01-01 and 2025-07-30","chan":"stdout","logger":"task"}
{"timestamp":"2025-07-30T09:28:58.190957Z","level":"info","event":"Downloading NDVI for 2025-01-04","chan":"stdout","logger":"task"}
{"timestamp":"2025-07-30T09:28:58.579728Z","level":"info","event":"Saved NDVI image to /home/user/airflow/historical_TIFs/2025-01-04_NDVI.tif","chan":"stdout","logger":"task"}
{"timestamp":"2025-07-30T09:29:00.047130Z","level":"info","event":"Downloading NDVI for 2025-01-09","chan":"stdout","logger":"task"}
{"timestamp":"2025-07-30T09:29:00.521848Z","level":"info","event":"Saved NDVI image to /home/user/airflow/historical_TIFs/2025-01-09_NDVI.tif","chan":"stdout","logger":"task"}
{"timestamp":"2025-07-30T09:29:01.844029Z","level":"info","event":"Downloading NDVI for 2025-01-24","chan":"stdout","logger":"task"}
{"timestamp":"2025-07-30T09:29:02.194994Z","level":"info","event":"Saved NDVI image to /home/user/airflow/historical_TIFs/2025-01-24_NDVI.tif","chan":"stdout","logger":"task"}
{"timestamp":"2025-07-30T09:29:03.664639Z","level":"info","event":"Downloading NDVI for 2025-02-03","chan":"stdout","logger":"task"}
{"timestamp":"2025-07-30T09:29:04.812827Z","level":"info","event":"Saved NDVI image to /home/user/airflow/historical_TIFs/2025-02-03_NDVI.tif","chan":"stdout","logger":"task"}
{"timestamp":"2025-07-30T09:29:06.642148Z","level":"info","event":"Downloading NDVI for 2025-02-18","chan":"stdout","logger":"task"}
{"timestamp":"2025-07-30T09:29:07.052640Z","level":"info","event":"Saved NDVI image to /home/user/airflow/historical_TIFs/2025-02-18_NDVI.tif","chan":"stdout","logger":"task"}
{"timestamp":"2025-07-30T09:29:08.235404Z","level":"info","event":"Downloading NDVI for 2025-03-10","chan":"stdout","logger":"task"}
{"timestamp":"2025-07-30T09:29:08.592079Z","level":"info","event":"Saved NDVI image to /home/user/airflow/historical_TIFs/2025-03-10_NDVI.tif","chan":"stdout","logger":"task"}
{"timestamp":"2025-07-30T09:29:10.130486Z","level":"info","event":"Downloading NDVI for 2025-03-15","chan":"stdout","logger":"task"}
{"timestamp":"2025-07-30T09:29:10.619601Z","level":"info","event":"Saved NDVI image to /home/user/airflow/historical_TIFs/2025-03-15_NDVI.tif","chan":"stdout","logger":"task"}
{"timestamp":"2025-07-30T09:29:12.475568Z","level":"info","event":"Downloading NDVI for 2025-03-22","chan":"stdout","logger":"task"}
{"timestamp":"2025-07-30T09:29:13.466239Z","level":"info","event":"Saved NDVI image to /home/user/airflow/historical_TIFs/2025-03-22_NDVI.tif","chan":"stdout","logger":"task"}
{"timestamp":"2025-07-30T09:29:15.190892Z","level":"info","event":"Downloading NDVI for 2025-04-09","chan":"stdout","logger":"task"}
{"timestamp":"2025-07-30T09:29:15.795334Z","level":"info","event":"Saved NDVI image to /home/user/airflow/historical_TIFs/2025-04-09_NDVI.tif","chan":"stdout","logger":"task"}
{"timestamp":"2025-07-30T09:29:17.136463Z","level":"info","event":"Downloading NDVI for 2025-04-24","chan":"stdout","logger":"task"}
{"timestamp":"2025-07-30T09:29:17.528194Z","level":"info","event":"Saved NDVI image to /home/user/airflow/historical_TIFs/2025-04-24_NDVI.tif","chan":"stdout","logger":"task"}
{"timestamp":"2025-07-30T09:29:19.313586Z","level":"info","event":"Downloading NDVI for 2025-05-09","chan":"stdout","logger":"task"}
{"timestamp":"2025-07-30T09:29:19.705789Z","level":"info","event":"Saved NDVI image to /home/user/airflow/historical_TIFs/2025-05-09_NDVI.tif","chan":"stdout","logger":"task"}
{"timestamp":"2025-07-30T09:29:21.278208Z","level":"info","event":"Downloading NDVI for 2025-05-19","chan":"stdout","logger":"task"}
{"timestamp":"2025-07-30T09:29:21.668886Z","level":"info","event":"Saved NDVI image to /home/user/airflow/historical_TIFs/2025-05-19_NDVI.tif","chan":"stdout","logger":"task"}
{"timestamp":"2025-07-30T09:29:23.126085Z","level":"info","event":"Downloading NDVI for 2025-05-29","chan":"stdout","logger":"task"}
{"timestamp":"2025-07-30T09:29:23.576443Z","level":"info","event":"Saved NDVI image to /home/user/airflow/historical_TIFs/2025-05-29_NDVI.tif","chan":"stdout","logger":"task"}
{"timestamp":"2025-07-30T09:29:25.418256Z","level":"info","event":"Downloading NDVI for 2025-05-31","chan":"stdout","logger":"task"}
{"timestamp":"2025-07-30T09:29:25.841342Z","level":"info","event":"Saved NDVI image to /home/user/airflow/historical_TIFs/2025-05-31_NDVI.tif","chan":"stdout","logger":"task"}
{"timestamp":"2025-07-30T09:29:27.306165Z","level":"info","event":"Downloading NDVI for 2025-06-03","chan":"stdout","logger":"task"}
{"timestamp":"2025-07-30T09:29:27.670923Z","level":"info","event":"Saved NDVI image to /home/user/airflow/historical_TIFs/2025-06-03_NDVI.tif","chan":"stdout","logger":"task"}
{"timestamp":"2025-07-30T09:29:29.214094Z","level":"info","event":"Downloading NDVI for 2025-06-08","chan":"stdout","logger":"task"}
{"timestamp":"2025-07-30T09:29:29.572589Z","level":"info","event":"Saved NDVI image to /home/user/airflow/historical_TIFs/2025-06-08_NDVI.tif","chan":"stdout","logger":"task"}
{"timestamp":"2025-07-30T09:29:31.599763Z","level":"info","event":"Downloading NDVI for 2025-06-10","chan":"stdout","logger":"task"}
{"timestamp":"2025-07-30T09:29:32.028492Z","level":"info","event":"Saved NDVI image to /home/user/airflow/historical_TIFs/2025-06-10_NDVI.tif","chan":"stdout","logger":"task"}
{"timestamp":"2025-07-30T09:29:33.973400Z","level":"info","event":"Downloading NDVI for 2025-06-13","chan":"stdout","logger":"task"}
{"timestamp":"2025-07-30T09:29:34.944875Z","level":"info","event":"Saved NDVI image to /home/user/airflow/historical_TIFs/2025-06-13_NDVI.tif","chan":"stdout","logger":"task"}
{"timestamp":"2025-07-30T09:29:37.881140Z","level":"info","event":"Downloading NDVI for 2025-06-18","chan":"stdout","logger":"task"}
{"timestamp":"2025-07-30T09:29:38.962805Z","level":"info","event":"Saved NDVI image to /home/user/airflow/historical_TIFs/2025-06-18_NDVI.tif","chan":"stdout","logger":"task"}
{"timestamp":"2025-07-30T09:29:39.398899Z","level":"info","event":"Downloading NDVI for 2025-06-23","chan":"stdout","logger":"task"}
{"timestamp":"2025-07-30T09:29:39.761836Z","level":"info","event":"Saved NDVI image to /home/user/airflow/historical_TIFs/2025-06-23_NDVI.tif","chan":"stdout","logger":"task"}
{"timestamp":"2025-07-30T09:29:41.289099Z","level":"info","event":"Downloading NDVI for 2025-06-28","chan":"stdout","logger":"task"}
{"timestamp":"2025-07-30T09:29:41.690955Z","level":"info","event":"Saved NDVI image to /home/user/airflow/historical_TIFs/2025-06-28_NDVI.tif","chan":"stdout","logger":"task"}
{"timestamp":"2025-07-30T09:29:44.210300Z","level":"info","event":"Downloading NDVI for 2025-07-08","chan":"stdout","logger":"task"}
{"timestamp":"2025-07-30T09:29:44.611588Z","level":"info","event":"Saved NDVI image to /home/user/airflow/historical_TIFs/2025-07-08_NDVI.tif","chan":"stdout","logger":"task"}
{"timestamp":"2025-07-30T09:29:46.180161Z","level":"info","event":"Downloading NDVI for 2025-07-10","chan":"stdout","logger":"task"}
{"timestamp":"2025-07-30T09:29:46.636458Z","level":"info","event":"Saved NDVI image to /home/user/airflow/historical_TIFs/2025-07-10_NDVI.tif","chan":"stdout","logger":"task"}
{"timestamp":"2025-07-30T09:29:48.256885Z","level":"info","event":"Downloading NDVI for 2025-07-18","chan":"stdout","logger":"task"}
{"timestamp":"2025-07-30T09:29:48.718116Z","level":"info","event":"Saved NDVI image to /home/user/airflow/historical_TIFs/2025-07-18_NDVI.tif","chan":"stdout","logger":"task"}
{"timestamp":"2025-07-30T09:29:50.544944Z","level":"info","event":"Downloading NDVI for 2025-07-20","chan":"stdout","logger":"task"}
{"timestamp":"2025-07-30T09:29:50.955781Z","level":"info","event":"Saved NDVI image to /home/user/airflow/historical_TIFs/2025-07-20_NDVI.tif","chan":"stdout","logger":"task"}
{"timestamp":"2025-07-30T09:29:52.694088Z","level":"info","event":"Downloading NDVI for 2025-07-28","chan":"stdout","logger":"task"}
{"timestamp":"2025-07-30T09:29:53.092964Z","level":"info","event":"Saved NDVI image to /home/user/airflow/historical_TIFs/2025-07-28_NDVI.tif","chan":"stdout","logger":"task"}
{"timestamp":"2025-07-30T09:29:53.093168Z","level":"info","event":"Finished downloading historical images.","chan":"stdout","logger":"task"}
{"timestamp":"2025-07-30T09:29:53.093444","level":"info","event":"Done. Returned value was: None","logger":"airflow.task.operators.airflow.providers.standard.operators.python.PythonOperator"}
{"timestamp":"2025-07-30T09:29:53.116362Z","level":"info","event":"Task instance in success state","chan":"stdout","logger":"task"}
{"timestamp":"2025-07-30T09:29:53.116475Z","level":"info","event":" Previous state of the Task instance: TaskInstanceState.RUNNING","chan":"stdout","logger":"task"}
{"timestamp":"2025-07-30T09:29:53.116664Z","level":"info","event":"Task operator:<Task(PythonOperator): download_historical_images>","chan":"stdout","logger":"task"}
