{"timestamp":"2025-08-01T17:12:33.519341","level":"info","event":"DAG bundles loaded: dags-folder, example_dags","logger":"airflow.dag_processing.bundles.manager.DagBundlesManager"}
{"timestamp":"2025-08-01T17:12:33.519758","level":"info","event":"Filling up the DagBag from /home/user/airflow/dags/my_first_dag.py","logger":"airflow.models.dagbag.DagBag"}
{"timestamp":"2025-08-01T17:12:34.379494Z","level":"info","event":"Task instance is in running state","chan":"stdout","logger":"task"}
{"timestamp":"2025-08-01T17:12:34.379624Z","level":"info","event":" Previous state of the Task instance: TaskInstanceState.QUEUED","chan":"stdout","logger":"task"}
{"timestamp":"2025-08-01T17:12:34.379872Z","level":"info","event":"Current task name:find_simulated_dates","chan":"stdout","logger":"task"}
{"timestamp":"2025-08-01T17:12:34.379969Z","level":"info","event":"Dag name:ndvi_change_detection_pipeline_branching","chan":"stdout","logger":"task"}
{"timestamp":"2025-08-01T17:12:34.381060Z","level":"info","event":"Using date_after_path: /home/user/airflow/historical_TIFs/2025-01-24_NDVI.tif","chan":"stdout","logger":"task"}
{"timestamp":"2025-08-01T17:12:34.387677Z","level":"info","event":"Pulled difference (sog_shift) from branching_2: 13","chan":"stdout","logger":"task"}
{"timestamp":"2025-08-01T17:12:34.387792Z","level":"info","event":"Using sog_shift as int: 13","chan":"stdout","logger":"task"}
{"timestamp":"2025-08-01T17:12:34.388151Z","level":"info","event":"Extracted date_after: 2025-01-24 00:00:00","chan":"stdout","logger":"task"}
{"timestamp":"2025-08-01T17:12:34.388310Z","level":"info","event":"Calculated date_before: 2025-01-11 00:00:00","chan":"stdout","logger":"task"}
{"timestamp":"2025-08-01T17:12:34.388349Z","level":"info","event":"Computed date_before_path: /home/user/airflow/historical_TIFs/2025-01-11_NDVI.tif","chan":"stdout","logger":"task"}
{"timestamp":"2025-08-01T17:12:34.388376Z","level":"info","event":"testing find_simulated_dates","chan":"stdout","logger":"task"}
{"timestamp":"2025-08-01T17:12:34.399977Z","level":"info","event":"All XCom from branching_2: None","chan":"stdout","logger":"task"}
{"timestamp":"2025-08-01T17:12:34.400070Z","level":"info","event":"Pulled sog_shift (difference): 13","chan":"stdout","logger":"task"}
{"timestamp":"2025-08-01T17:12:34.400130Z","level":"info","event":"Simulated date before: 2024-12-29 00:00:00","chan":"stdout","logger":"task"}
{"timestamp":"2025-08-01T17:12:34.400165Z","level":"info","event":"Simulated date after: 2025-01-11 00:00:00","chan":"stdout","logger":"task"}
{"timestamp":"2025-08-01T17:12:34.400082","level":"info","event":"Done. Returned value was: {'simulated_date_before': '2024-12-29', 'simulated_date_after': '2025-01-11'}","logger":"airflow.task.operators.airflow.providers.standard.operators.python.PythonOperator"}
{"timestamp":"2025-08-01T17:12:34.400263","level":"info","event":"Pushing xcom","ti":"RuntimeTaskInstance(id=UUID('0198669e-ff60-7f51-80d8-2c54d020bfcf'), task_id='find_simulated_dates', dag_id='ndvi_change_detection_pipeline_branching', run_id='manual__2025-08-01T16:21:50.308722+00:00', try_number=9, map_index=-1, hostname='DESKTOP-H7QUGA8.', context_carrier=None, task=<Task(PythonOperator): find_simulated_dates>, bundle_instance=LocalDagBundle(name=dags-folder), max_tries=9, start_date=datetime.datetime(2025, 8, 1, 17, 12, 33, 491504, tzinfo=datetime.timezone.utc), end_date=None, state=<TaskInstanceState.RUNNING: 'running'>, is_mapped=False, rendered_map_index=None, log_url='http://localhost:8080/dags/ndvi_change_detection_pipeline_branching/runs/manual__2025-08-01T16%3A21%3A50.308722%2B00%3A00/tasks/find_simulated_dates?try_number=9')","logger":"task"}
{"timestamp":"2025-08-01T17:12:34.432125Z","level":"info","event":"Task instance in success state","chan":"stdout","logger":"task"}
{"timestamp":"2025-08-01T17:12:34.432240Z","level":"info","event":" Previous state of the Task instance: TaskInstanceState.RUNNING","chan":"stdout","logger":"task"}
{"timestamp":"2025-08-01T17:12:34.432335Z","level":"info","event":"Task operator:<Task(PythonOperator): find_simulated_dates>","chan":"stdout","logger":"task"}
