{"timestamp":"2025-08-01T17:23:21.905191","level":"info","event":"DAG bundles loaded: dags-folder, example_dags","logger":"airflow.dag_processing.bundles.manager.DagBundlesManager"}
{"timestamp":"2025-08-01T17:23:21.905709","level":"info","event":"Filling up the DagBag from /home/user/airflow/dags/my_first_dag.py","logger":"airflow.models.dagbag.DagBag"}
{"timestamp":"2025-08-01T17:23:22.828338Z","level":"info","event":"Task instance is in running state","chan":"stdout","logger":"task"}
{"timestamp":"2025-08-01T17:23:22.828468Z","level":"info","event":" Previous state of the Task instance: TaskInstanceState.QUEUED","chan":"stdout","logger":"task"}
{"timestamp":"2025-08-01T17:23:22.828533Z","level":"info","event":"Current task name:find_simulated_dates","chan":"stdout","logger":"task"}
{"timestamp":"2025-08-01T17:23:22.828561Z","level":"info","event":"Dag name:ndvi_change_detection_pipeline_branching","chan":"stdout","logger":"task"}
{"timestamp":"2025-08-01T17:23:22.829747Z","level":"info","event":"Using date_after_path: /home/user/airflow/historical_TIFs/2025-01-24_NDVI.tif","chan":"stdout","logger":"task"}
{"timestamp":"2025-08-01T17:23:22.837583Z","level":"info","event":"Pulled difference (sog_shift) from branching_2: 13","chan":"stdout","logger":"task"}
{"timestamp":"2025-08-01T17:23:22.837705Z","level":"info","event":"Using sog_shift as int: 13","chan":"stdout","logger":"task"}
{"timestamp":"2025-08-01T17:23:22.837937Z","level":"info","event":"Extracted date_after: 2025-01-24 00:00:00","chan":"stdout","logger":"task"}
{"timestamp":"2025-08-01T17:23:22.838027Z","level":"info","event":"Calculated date_before: 2025-01-11 00:00:00","chan":"stdout","logger":"task"}
{"timestamp":"2025-08-01T17:23:22.838074Z","level":"info","event":"Computed date_before_path: /home/user/airflow/historical_TIFs/2025-01-11_NDVI.tif","chan":"stdout","logger":"task"}
{"timestamp":"2025-08-01T17:23:22.838099Z","level":"info","event":"testing find_simulated_dates","chan":"stdout","logger":"task"}
{"timestamp":"2025-08-01T17:23:22.849840Z","level":"info","event":"All XCom from branching_2: None","chan":"stdout","logger":"task"}
{"timestamp":"2025-08-01T17:23:22.849945Z","level":"info","event":"Pulled sog_shift (difference): 13","chan":"stdout","logger":"task"}
{"timestamp":"2025-08-01T17:23:22.850006Z","level":"info","event":"Simulated date before: 2024-12-29 00:00:00","chan":"stdout","logger":"task"}
{"timestamp":"2025-08-01T17:23:22.850035Z","level":"info","event":"Simulated date after: 2025-01-11 00:00:00","chan":"stdout","logger":"task"}
{"timestamp":"2025-08-01T17:23:22.849948","level":"info","event":"Done. Returned value was: {'simulated_date_before': '2024-12-29', 'simulated_date_after': '2025-01-11'}","logger":"airflow.task.operators.airflow.providers.standard.operators.python.PythonOperator"}
{"timestamp":"2025-08-01T17:23:22.850125","level":"info","event":"Pushing xcom","ti":"RuntimeTaskInstance(id=UUID('019866a8-e4cd-764d-891c-c4547ae8e9b7'), task_id='find_simulated_dates', dag_id='ndvi_change_detection_pipeline_branching', run_id='manual__2025-08-01T16:21:50.308722+00:00', try_number=14, map_index=-1, hostname='DESKTOP-H7QUGA8.', context_carrier=None, task=<Task(PythonOperator): find_simulated_dates>, bundle_instance=LocalDagBundle(name=dags-folder), max_tries=14, start_date=datetime.datetime(2025, 8, 1, 17, 23, 21, 867702, tzinfo=datetime.timezone.utc), end_date=None, state=<TaskInstanceState.RUNNING: 'running'>, is_mapped=False, rendered_map_index=None, log_url='http://localhost:8080/dags/ndvi_change_detection_pipeline_branching/runs/manual__2025-08-01T16%3A21%3A50.308722%2B00%3A00/tasks/find_simulated_dates?try_number=14')","logger":"task"}
{"timestamp":"2025-08-01T17:23:22.878334Z","level":"info","event":"Task instance in success state","chan":"stdout","logger":"task"}
{"timestamp":"2025-08-01T17:23:22.878440Z","level":"info","event":" Previous state of the Task instance: TaskInstanceState.RUNNING","chan":"stdout","logger":"task"}
{"timestamp":"2025-08-01T17:23:22.878533Z","level":"info","event":"Task operator:<Task(PythonOperator): find_simulated_dates>","chan":"stdout","logger":"task"}
