{"timestamp":"2025-08-01T23:27:40.693634","level":"info","event":"DAG bundles loaded: dags-folder, example_dags","logger":"airflow.dag_processing.bundles.manager.DagBundlesManager"}
{"timestamp":"2025-08-01T23:27:40.694106","level":"info","event":"Filling up the DagBag from /home/user/airflow/dags/my_first_dag.py","logger":"airflow.models.dagbag.DagBag"}
{"timestamp":"2025-08-01T23:27:41.684432Z","level":"info","event":"Task instance is in running state","chan":"stdout","logger":"task"}
{"timestamp":"2025-08-01T23:27:41.684647Z","level":"info","event":" Previous state of the Task instance: TaskInstanceState.QUEUED","chan":"stdout","logger":"task"}
{"timestamp":"2025-08-01T23:27:41.685048Z","level":"info","event":"Current task name:download_historical_images","chan":"stdout","logger":"task"}
{"timestamp":"2025-08-01T23:27:41.685167Z","level":"info","event":"Dag name:ndvi_change_detection_pipeline_branching","chan":"stdout","logger":"task"}
{"timestamp":"2025-08-01T23:27:46.469978Z","level":"info","event":"Found 27 images between 2025-01-01 and 2025-08-02","chan":"stdout","logger":"task"}
{"timestamp":"2025-08-01T23:27:48.109514Z","level":"info","event":"Downloading NDVI for 2025-01-04","chan":"stdout","logger":"task"}
{"timestamp":"2025-08-01T23:27:48.730143Z","level":"info","event":"Saved NDVI image to /home/user/airflow/historical_TIFs/2025-01-04_NDVI.tif","chan":"stdout","logger":"task"}
{"timestamp":"2025-08-01T23:27:50.258641Z","level":"info","event":"Downloading NDVI for 2025-01-09","chan":"stdout","logger":"task"}
{"timestamp":"2025-08-01T23:27:50.757643Z","level":"info","event":"Saved NDVI image to /home/user/airflow/historical_TIFs/2025-01-09_NDVI.tif","chan":"stdout","logger":"task"}
{"timestamp":"2025-08-01T23:27:53.488788Z","level":"info","event":"Downloading NDVI for 2025-01-24","chan":"stdout","logger":"task"}
{"timestamp":"2025-08-01T23:27:55.173815Z","level":"info","event":"Saved NDVI image to /home/user/airflow/historical_TIFs/2025-01-24_NDVI.tif","chan":"stdout","logger":"task"}
{"timestamp":"2025-08-01T23:27:57.149828Z","level":"info","event":"Downloading NDVI for 2025-02-03","chan":"stdout","logger":"task"}
{"timestamp":"2025-08-01T23:27:58.288254Z","level":"info","event":"Saved NDVI image to /home/user/airflow/historical_TIFs/2025-02-03_NDVI.tif","chan":"stdout","logger":"task"}
{"timestamp":"2025-08-01T23:28:00.478661Z","level":"info","event":"Downloading NDVI for 2025-02-18","chan":"stdout","logger":"task"}
{"timestamp":"2025-08-01T23:28:01.003499Z","level":"info","event":"Saved NDVI image to /home/user/airflow/historical_TIFs/2025-02-18_NDVI.tif","chan":"stdout","logger":"task"}
{"timestamp":"2025-08-01T23:28:02.805482Z","level":"info","event":"Downloading NDVI for 2025-03-10","chan":"stdout","logger":"task"}
{"timestamp":"2025-08-01T23:28:03.856436Z","level":"info","event":"Saved NDVI image to /home/user/airflow/historical_TIFs/2025-03-10_NDVI.tif","chan":"stdout","logger":"task"}
{"timestamp":"2025-08-01T23:28:06.587372Z","level":"info","event":"Downloading NDVI for 2025-03-15","chan":"stdout","logger":"task"}
{"timestamp":"2025-08-01T23:28:07.577510Z","level":"info","event":"Saved NDVI image to /home/user/airflow/historical_TIFs/2025-03-15_NDVI.tif","chan":"stdout","logger":"task"}
{"timestamp":"2025-08-01T23:28:09.618255Z","level":"info","event":"Downloading NDVI for 2025-03-22","chan":"stdout","logger":"task"}
{"timestamp":"2025-08-01T23:28:10.627021Z","level":"info","event":"Saved NDVI image to /home/user/airflow/historical_TIFs/2025-03-22_NDVI.tif","chan":"stdout","logger":"task"}
{"timestamp":"2025-08-01T23:28:11.016189Z","level":"info","event":"Downloading NDVI for 2025-04-09","chan":"stdout","logger":"task"}
{"timestamp":"2025-08-01T23:28:12.029400Z","level":"info","event":"Saved NDVI image to /home/user/airflow/historical_TIFs/2025-04-09_NDVI.tif","chan":"stdout","logger":"task"}
{"timestamp":"2025-08-01T23:28:14.808873Z","level":"info","event":"Downloading NDVI for 2025-04-24","chan":"stdout","logger":"task"}
{"timestamp":"2025-08-01T23:28:15.303755Z","level":"info","event":"Saved NDVI image to /home/user/airflow/historical_TIFs/2025-04-24_NDVI.tif","chan":"stdout","logger":"task"}
{"timestamp":"2025-08-01T23:28:17.440824Z","level":"info","event":"Downloading NDVI for 2025-05-09","chan":"stdout","logger":"task"}
{"timestamp":"2025-08-01T23:28:18.410455Z","level":"info","event":"Saved NDVI image to /home/user/airflow/historical_TIFs/2025-05-09_NDVI.tif","chan":"stdout","logger":"task"}
{"timestamp":"2025-08-01T23:28:20.095584Z","level":"info","event":"Downloading NDVI for 2025-05-19","chan":"stdout","logger":"task"}
{"timestamp":"2025-08-01T23:28:20.828198Z","level":"info","event":"Saved NDVI image to /home/user/airflow/historical_TIFs/2025-05-19_NDVI.tif","chan":"stdout","logger":"task"}
{"timestamp":"2025-08-01T23:28:23.031414Z","level":"info","event":"Downloading NDVI for 2025-05-29","chan":"stdout","logger":"task"}
{"timestamp":"2025-08-01T23:28:23.815479Z","level":"info","event":"Saved NDVI image to /home/user/airflow/historical_TIFs/2025-05-29_NDVI.tif","chan":"stdout","logger":"task"}
{"timestamp":"2025-08-01T23:28:26.365528Z","level":"info","event":"Downloading NDVI for 2025-05-31","chan":"stdout","logger":"task"}
{"timestamp":"2025-08-01T23:28:26.928265Z","level":"info","event":"Saved NDVI image to /home/user/airflow/historical_TIFs/2025-05-31_NDVI.tif","chan":"stdout","logger":"task"}
{"timestamp":"2025-08-01T23:28:28.966216Z","level":"info","event":"Downloading NDVI for 2025-06-03","chan":"stdout","logger":"task"}
{"timestamp":"2025-08-01T23:28:29.961663Z","level":"info","event":"Saved NDVI image to /home/user/airflow/historical_TIFs/2025-06-03_NDVI.tif","chan":"stdout","logger":"task"}
{"timestamp":"2025-08-01T23:28:32.072340Z","level":"info","event":"Downloading NDVI for 2025-06-08","chan":"stdout","logger":"task"}
{"timestamp":"2025-08-01T23:28:33.261467Z","level":"info","event":"Saved NDVI image to /home/user/airflow/historical_TIFs/2025-06-08_NDVI.tif","chan":"stdout","logger":"task"}
{"timestamp":"2025-08-01T23:28:34.841196Z","level":"info","event":"Downloading NDVI for 2025-06-10","chan":"stdout","logger":"task"}
{"timestamp":"2025-08-01T23:28:35.328503Z","level":"info","event":"Saved NDVI image to /home/user/airflow/historical_TIFs/2025-06-10_NDVI.tif","chan":"stdout","logger":"task"}
{"timestamp":"2025-08-01T23:28:37.952627Z","level":"info","event":"Downloading NDVI for 2025-06-13","chan":"stdout","logger":"task"}
{"timestamp":"2025-08-01T23:28:38.651340Z","level":"info","event":"Saved NDVI image to /home/user/airflow/historical_TIFs/2025-06-13_NDVI.tif","chan":"stdout","logger":"task"}
{"timestamp":"2025-08-01T23:28:41.297432Z","level":"info","event":"Downloading NDVI for 2025-06-18","chan":"stdout","logger":"task"}
{"timestamp":"2025-08-01T23:28:41.754732Z","level":"info","event":"Saved NDVI image to /home/user/airflow/historical_TIFs/2025-06-18_NDVI.tif","chan":"stdout","logger":"task"}
{"timestamp":"2025-08-01T23:28:42.498952Z","level":"info","event":"Downloading NDVI for 2025-06-23","chan":"stdout","logger":"task"}
{"timestamp":"2025-08-01T23:28:43.052710Z","level":"info","event":"Saved NDVI image to /home/user/airflow/historical_TIFs/2025-06-23_NDVI.tif","chan":"stdout","logger":"task"}
{"timestamp":"2025-08-01T23:28:44.703838Z","level":"info","event":"Downloading NDVI for 2025-06-28","chan":"stdout","logger":"task"}
{"timestamp":"2025-08-01T23:28:45.951340Z","level":"info","event":"Saved NDVI image to /home/user/airflow/historical_TIFs/2025-06-28_NDVI.tif","chan":"stdout","logger":"task"}
{"timestamp":"2025-08-01T23:28:47.714477Z","level":"info","event":"Downloading NDVI for 2025-07-08","chan":"stdout","logger":"task"}
{"timestamp":"2025-08-01T23:28:48.802290Z","level":"info","event":"Saved NDVI image to /home/user/airflow/historical_TIFs/2025-07-08_NDVI.tif","chan":"stdout","logger":"task"}
{"timestamp":"2025-08-01T23:28:52.524785Z","level":"info","event":"Downloading NDVI for 2025-07-10","chan":"stdout","logger":"task"}
{"timestamp":"2025-08-01T23:28:52.996336Z","level":"info","event":"Saved NDVI image to /home/user/airflow/historical_TIFs/2025-07-10_NDVI.tif","chan":"stdout","logger":"task"}
{"timestamp":"2025-08-01T23:28:54.642480Z","level":"info","event":"Downloading NDVI for 2025-07-18","chan":"stdout","logger":"task"}
{"timestamp":"2025-08-01T23:28:55.615933Z","level":"info","event":"Saved NDVI image to /home/user/airflow/historical_TIFs/2025-07-18_NDVI.tif","chan":"stdout","logger":"task"}
{"timestamp":"2025-08-01T23:28:58.252697Z","level":"info","event":"Downloading NDVI for 2025-07-20","chan":"stdout","logger":"task"}
{"timestamp":"2025-08-01T23:28:59.311826Z","level":"info","event":"Saved NDVI image to /home/user/airflow/historical_TIFs/2025-07-20_NDVI.tif","chan":"stdout","logger":"task"}
{"timestamp":"2025-08-01T23:29:00.714606Z","level":"info","event":"Downloading NDVI for 2025-07-28","chan":"stdout","logger":"task"}
{"timestamp":"2025-08-01T23:29:01.092731Z","level":"info","event":"Saved NDVI image to /home/user/airflow/historical_TIFs/2025-07-28_NDVI.tif","chan":"stdout","logger":"task"}
{"timestamp":"2025-08-01T23:29:03.042274Z","level":"info","event":"Downloading NDVI for 2025-07-30","chan":"stdout","logger":"task"}
{"timestamp":"2025-08-01T23:29:04.290504Z","level":"info","event":"Saved NDVI image to /home/user/airflow/historical_TIFs/2025-07-30_NDVI.tif","chan":"stdout","logger":"task"}
{"timestamp":"2025-08-01T23:29:04.290671Z","level":"info","event":"Finished downloading historical images.","chan":"stdout","logger":"task"}
{"timestamp":"2025-08-01T23:29:04.290973","level":"info","event":"Done. Returned value was: None","logger":"airflow.task.operators.airflow.providers.standard.operators.python.PythonOperator"}
{"timestamp":"2025-08-01T23:29:04.324978Z","level":"info","event":"Task instance in success state","chan":"stdout","logger":"task"}
{"timestamp":"2025-08-01T23:29:04.325112Z","level":"info","event":" Previous state of the Task instance: TaskInstanceState.RUNNING","chan":"stdout","logger":"task"}
{"timestamp":"2025-08-01T23:29:04.325426Z","level":"info","event":"Task operator:<Task(PythonOperator): download_historical_images>","chan":"stdout","logger":"task"}
