{"timestamp":"2025-08-01T23:45:54.899537","level":"info","event":"DAG bundles loaded: dags-folder, example_dags","logger":"airflow.dag_processing.bundles.manager.DagBundlesManager"}
{"timestamp":"2025-08-01T23:45:54.900221","level":"info","event":"Filling up the DagBag from /home/user/airflow/dags/my_first_dag.py","logger":"airflow.models.dagbag.DagBag"}
{"timestamp":"2025-08-01T23:45:56.050186Z","level":"info","event":"Task instance is in running state","chan":"stdout","logger":"task"}
{"timestamp":"2025-08-01T23:45:56.050460Z","level":"info","event":" Previous state of the Task instance: TaskInstanceState.QUEUED","chan":"stdout","logger":"task"}
{"timestamp":"2025-08-01T23:45:56.050682Z","level":"info","event":"Current task name:compute_mean","chan":"stdout","logger":"task"}
{"timestamp":"2025-08-01T23:45:56.050748Z","level":"info","event":"Dag name:ndvi_change_detection_pipeline_branching","chan":"stdout","logger":"task"}
{"timestamp":"2025-08-01T23:45:56.051910Z","level":"info","event":"Loading masks from XCom...","chan":"stdout","logger":"task"}
{"timestamp":"2025-08-01T23:45:56.071429Z","level":"info","event":"Found 27 historical NDVI images.","chan":"stdout","logger":"task"}
{"timestamp":"2025-08-01T23:45:56.082333Z","level":"info","event":"Date: 2025-01-04 | Neg mean: 0.3258 | Normal mean: 0.3317","chan":"stdout","logger":"task"}
{"timestamp":"2025-08-01T23:45:56.084218Z","level":"info","event":"Date: 2025-01-09 | Neg mean: 0.3552 | Normal mean: 0.3263","chan":"stdout","logger":"task"}
{"timestamp":"2025-08-01T23:45:56.085668Z","level":"info","event":"Date: 2025-01-24 | Neg mean: 0.3370 | Normal mean: 0.3768","chan":"stdout","logger":"task"}
{"timestamp":"2025-08-01T23:45:56.087674Z","level":"info","event":"Date: 2025-02-03 | Neg mean: 0.3598 | Normal mean: 0.3964","chan":"stdout","logger":"task"}
{"timestamp":"2025-08-01T23:45:56.089337Z","level":"info","event":"Date: 2025-02-18 | Neg mean: 0.1573 | Normal mean: 0.1494","chan":"stdout","logger":"task"}
{"timestamp":"2025-08-01T23:45:56.090503Z","level":"info","event":"Date: 2025-03-10 | Neg mean: 0.2693 | Normal mean: 0.2490","chan":"stdout","logger":"task"}
{"timestamp":"2025-08-01T23:45:56.091705Z","level":"info","event":"Date: 2025-03-15 | Neg mean: 0.2419 | Normal mean: 0.2313","chan":"stdout","logger":"task"}
{"timestamp":"2025-08-01T23:45:56.092639Z","level":"info","event":"Date: 2025-03-22 | Neg mean: 0.2248 | Normal mean: 0.2094","chan":"stdout","logger":"task"}
{"timestamp":"2025-08-01T23:45:56.094688Z","level":"info","event":"Date: 2025-04-09 | Neg mean: 0.2257 | Normal mean: 0.2009","chan":"stdout","logger":"task"}
{"timestamp":"2025-08-01T23:45:56.095925Z","level":"info","event":"Date: 2025-04-24 | Neg mean: 0.1781 | Normal mean: 0.1619","chan":"stdout","logger":"task"}
{"timestamp":"2025-08-01T23:45:56.097102Z","level":"info","event":"Date: 2025-05-09 | Neg mean: 0.1672 | Normal mean: 0.1559","chan":"stdout","logger":"task"}
{"timestamp":"2025-08-01T23:45:56.098168Z","level":"info","event":"Date: 2025-05-19 | Neg mean: 0.1779 | Normal mean: 0.1637","chan":"stdout","logger":"task"}
{"timestamp":"2025-08-01T23:45:56.099169Z","level":"info","event":"Date: 2025-05-29 | Neg mean: 0.1707 | Normal mean: 0.1582","chan":"stdout","logger":"task"}
{"timestamp":"2025-08-01T23:45:56.100261Z","level":"info","event":"Date: 2025-05-31 | Neg mean: 0.1535 | Normal mean: 0.1424","chan":"stdout","logger":"task"}
{"timestamp":"2025-08-01T23:45:56.101719Z","level":"info","event":"Date: 2025-06-03 | Neg mean: 0.1635 | Normal mean: 0.1510","chan":"stdout","logger":"task"}
{"timestamp":"2025-08-01T23:45:56.103367Z","level":"info","event":"Date: 2025-06-08 | Neg mean: 0.1501 | Normal mean: 0.1435","chan":"stdout","logger":"task"}
{"timestamp":"2025-08-01T23:45:56.104657Z","level":"info","event":"Date: 2025-06-10 | Neg mean: 0.1536 | Normal mean: 0.1390","chan":"stdout","logger":"task"}
{"timestamp":"2025-08-01T23:45:56.105805Z","level":"info","event":"Date: 2025-06-13 | Neg mean: 0.1579 | Normal mean: 0.1454","chan":"stdout","logger":"task"}
{"timestamp":"2025-08-01T23:45:56.106906Z","level":"info","event":"Date: 2025-06-18 | Neg mean: 0.1388 | Normal mean: 0.1272","chan":"stdout","logger":"task"}
{"timestamp":"2025-08-01T23:45:56.108525Z","level":"info","event":"Date: 2025-06-23 | Neg mean: 0.1457 | Normal mean: 0.1321","chan":"stdout","logger":"task"}
{"timestamp":"2025-08-01T23:45:56.109964Z","level":"info","event":"Date: 2025-06-28 | Neg mean: 0.1499 | Normal mean: 0.1363","chan":"stdout","logger":"task"}
{"timestamp":"2025-08-01T23:45:56.111112Z","level":"info","event":"Date: 2025-07-08 | Neg mean: 0.1419 | Normal mean: 0.1228","chan":"stdout","logger":"task"}
{"timestamp":"2025-08-01T23:45:56.112255Z","level":"info","event":"Date: 2025-07-10 | Neg mean: 0.1349 | Normal mean: 0.1215","chan":"stdout","logger":"task"}
{"timestamp":"2025-08-01T23:45:56.113450Z","level":"info","event":"Date: 2025-07-18 | Neg mean: 0.1462 | Normal mean: 0.1354","chan":"stdout","logger":"task"}
{"timestamp":"2025-08-01T23:45:56.114440Z","level":"info","event":"Date: 2025-07-20 | Neg mean: 0.1299 | Normal mean: 0.1172","chan":"stdout","logger":"task"}
{"timestamp":"2025-08-01T23:45:56.115959Z","level":"info","event":"Date: 2025-07-28 | Neg mean: 0.1369 | Normal mean: 0.1275","chan":"stdout","logger":"task"}
{"timestamp":"2025-08-01T23:45:56.117328Z","level":"info","event":"Date: 2025-07-30 | Neg mean: 0.1293 | Normal mean: 0.1145","chan":"stdout","logger":"task"}
{"timestamp":"2025-08-01T23:45:56.118645Z","level":"info","event":"","chan":"stdout","logger":"task"}
{"timestamp":"2025-08-01T23:45:56.118726Z","level":"info","event":"=== Time series over negative anomalies mask ===","chan":"stdout","logger":"task"}
{"timestamp":"2025-08-01T23:45:56.124507Z","level":"info","event":"          date         y","chan":"stdout","logger":"task"}
{"timestamp":"2025-08-01T23:45:56.124655Z","level":"info","event":"0   2025-01-04  0.325764","chan":"stdout","logger":"task"}
{"timestamp":"2025-08-01T23:45:56.124704Z","level":"info","event":"1   2025-01-09  0.355192","chan":"stdout","logger":"task"}
{"timestamp":"2025-08-01T23:45:56.124734Z","level":"info","event":"2   2025-01-24  0.337010","chan":"stdout","logger":"task"}
{"timestamp":"2025-08-01T23:45:56.124760Z","level":"info","event":"3   2025-02-03  0.359753","chan":"stdout","logger":"task"}
{"timestamp":"2025-08-01T23:45:56.124786Z","level":"info","event":"4   2025-02-18  0.157287","chan":"stdout","logger":"task"}
{"timestamp":"2025-08-01T23:45:56.124811Z","level":"info","event":"5   2025-03-10  0.269331","chan":"stdout","logger":"task"}
{"timestamp":"2025-08-01T23:45:56.124835Z","level":"info","event":"6   2025-03-15  0.241941","chan":"stdout","logger":"task"}
{"timestamp":"2025-08-01T23:45:56.124862Z","level":"info","event":"7   2025-03-22  0.224819","chan":"stdout","logger":"task"}
{"timestamp":"2025-08-01T23:45:56.124886Z","level":"info","event":"8   2025-04-09  0.225660","chan":"stdout","logger":"task"}
{"timestamp":"2025-08-01T23:45:56.124917Z","level":"info","event":"9   2025-04-24  0.178130","chan":"stdout","logger":"task"}
{"timestamp":"2025-08-01T23:45:56.124940Z","level":"info","event":"10  2025-05-09  0.167204","chan":"stdout","logger":"task"}
{"timestamp":"2025-08-01T23:45:56.124965Z","level":"info","event":"11  2025-05-19  0.177906","chan":"stdout","logger":"task"}
{"timestamp":"2025-08-01T23:45:56.124988Z","level":"info","event":"12  2025-05-29  0.170685","chan":"stdout","logger":"task"}
{"timestamp":"2025-08-01T23:45:56.125011Z","level":"info","event":"13  2025-05-31  0.153503","chan":"stdout","logger":"task"}
{"timestamp":"2025-08-01T23:45:56.125036Z","level":"info","event":"14  2025-06-03  0.163547","chan":"stdout","logger":"task"}
{"timestamp":"2025-08-01T23:45:56.125061Z","level":"info","event":"15  2025-06-08  0.150098","chan":"stdout","logger":"task"}
{"timestamp":"2025-08-01T23:45:56.125084Z","level":"info","event":"16  2025-06-10  0.153619","chan":"stdout","logger":"task"}
{"timestamp":"2025-08-01T23:45:56.125108Z","level":"info","event":"17  2025-06-13  0.157855","chan":"stdout","logger":"task"}
{"timestamp":"2025-08-01T23:45:56.125133Z","level":"info","event":"18  2025-06-18  0.138817","chan":"stdout","logger":"task"}
{"timestamp":"2025-08-01T23:45:56.125164Z","level":"info","event":"19  2025-06-23  0.145729","chan":"stdout","logger":"task"}
{"timestamp":"2025-08-01T23:45:56.125187Z","level":"info","event":"20  2025-06-28  0.149916","chan":"stdout","logger":"task"}
{"timestamp":"2025-08-01T23:45:56.125211Z","level":"info","event":"21  2025-07-08  0.141909","chan":"stdout","logger":"task"}
{"timestamp":"2025-08-01T23:45:56.125233Z","level":"info","event":"22  2025-07-10  0.134881","chan":"stdout","logger":"task"}
{"timestamp":"2025-08-01T23:45:56.125256Z","level":"info","event":"23  2025-07-18  0.146236","chan":"stdout","logger":"task"}
{"timestamp":"2025-08-01T23:45:56.125278Z","level":"info","event":"24  2025-07-20  0.129895","chan":"stdout","logger":"task"}
{"timestamp":"2025-08-01T23:45:56.125300Z","level":"info","event":"25  2025-07-28  0.136923","chan":"stdout","logger":"task"}
{"timestamp":"2025-08-01T23:45:56.125322Z","level":"info","event":"26  2025-07-30  0.129310","chan":"stdout","logger":"task"}
{"timestamp":"2025-08-01T23:45:56.125346Z","level":"info","event":"","chan":"stdout","logger":"task"}
{"timestamp":"2025-08-01T23:45:56.125372Z","level":"info","event":"=== Time series over normal mask ===","chan":"stdout","logger":"task"}
{"timestamp":"2025-08-01T23:45:56.126777Z","level":"info","event":"          date         y","chan":"stdout","logger":"task"}
{"timestamp":"2025-08-01T23:45:56.126915Z","level":"info","event":"0   2025-01-04  0.331694","chan":"stdout","logger":"task"}
{"timestamp":"2025-08-01T23:45:56.126965Z","level":"info","event":"1   2025-01-09  0.326275","chan":"stdout","logger":"task"}
{"timestamp":"2025-08-01T23:45:56.126996Z","level":"info","event":"2   2025-01-24  0.376840","chan":"stdout","logger":"task"}
{"timestamp":"2025-08-01T23:45:56.127024Z","level":"info","event":"3   2025-02-03  0.396372","chan":"stdout","logger":"task"}
{"timestamp":"2025-08-01T23:45:56.127052Z","level":"info","event":"4   2025-02-18  0.149394","chan":"stdout","logger":"task"}
{"timestamp":"2025-08-01T23:45:56.127079Z","level":"info","event":"5   2025-03-10  0.249026","chan":"stdout","logger":"task"}
{"timestamp":"2025-08-01T23:45:56.127105Z","level":"info","event":"6   2025-03-15  0.231317","chan":"stdout","logger":"task"}
{"timestamp":"2025-08-01T23:45:56.127131Z","level":"info","event":"7   2025-03-22  0.209364","chan":"stdout","logger":"task"}
{"timestamp":"2025-08-01T23:45:56.127156Z","level":"info","event":"8   2025-04-09  0.200942","chan":"stdout","logger":"task"}
{"timestamp":"2025-08-01T23:45:56.127180Z","level":"info","event":"9   2025-04-24  0.161927","chan":"stdout","logger":"task"}
{"timestamp":"2025-08-01T23:45:56.127206Z","level":"info","event":"10  2025-05-09  0.155935","chan":"stdout","logger":"task"}
{"timestamp":"2025-08-01T23:45:56.127231Z","level":"info","event":"11  2025-05-19  0.163668","chan":"stdout","logger":"task"}
{"timestamp":"2025-08-01T23:45:56.127255Z","level":"info","event":"12  2025-05-29  0.158221","chan":"stdout","logger":"task"}
{"timestamp":"2025-08-01T23:45:56.127279Z","level":"info","event":"13  2025-05-31  0.142436","chan":"stdout","logger":"task"}
{"timestamp":"2025-08-01T23:45:56.127304Z","level":"info","event":"14  2025-06-03  0.150960","chan":"stdout","logger":"task"}
{"timestamp":"2025-08-01T23:45:56.127327Z","level":"info","event":"15  2025-06-08  0.143534","chan":"stdout","logger":"task"}
{"timestamp":"2025-08-01T23:45:56.127351Z","level":"info","event":"16  2025-06-10  0.139030","chan":"stdout","logger":"task"}
{"timestamp":"2025-08-01T23:45:56.127374Z","level":"info","event":"17  2025-06-13  0.145384","chan":"stdout","logger":"task"}
{"timestamp":"2025-08-01T23:45:56.127398Z","level":"info","event":"18  2025-06-18  0.127166","chan":"stdout","logger":"task"}
{"timestamp":"2025-08-01T23:45:56.127421Z","level":"info","event":"19  2025-06-23  0.132081","chan":"stdout","logger":"task"}
{"timestamp":"2025-08-01T23:45:56.127446Z","level":"info","event":"20  2025-06-28  0.136336","chan":"stdout","logger":"task"}
{"timestamp":"2025-08-01T23:45:56.127471Z","level":"info","event":"21  2025-07-08  0.122829","chan":"stdout","logger":"task"}
{"timestamp":"2025-08-01T23:45:56.127504Z","level":"info","event":"22  2025-07-10  0.121531","chan":"stdout","logger":"task"}
{"timestamp":"2025-08-01T23:45:56.127528Z","level":"info","event":"23  2025-07-18  0.135433","chan":"stdout","logger":"task"}
{"timestamp":"2025-08-01T23:45:56.127551Z","level":"info","event":"24  2025-07-20  0.117152","chan":"stdout","logger":"task"}
{"timestamp":"2025-08-01T23:45:56.127575Z","level":"info","event":"25  2025-07-28  0.127507","chan":"stdout","logger":"task"}
{"timestamp":"2025-08-01T23:45:56.127601Z","level":"info","event":"26  2025-07-30  0.114524","chan":"stdout","logger":"task"}
{"timestamp":"2025-08-01T23:45:56.132767","level":"info","event":"Done. Returned value was: (          date         y\n0   2025-01-04  0.325764\n1   2025-01-09  0.355192\n2   2025-01-24  0.337010\n3   2025-02-03  0.359753\n4   2025-02-18  0.157287\n5   2025-03-10  0.269331\n6   2025-03-15  0.241941\n7   2025-03-22  0.224819\n8   2025-04-09  0.225660\n9   2025-04-24  0.178130\n10  2025-05-09  0.167204\n11  2025-05-19  0.177906\n12  2025-05-29  0.170685\n13  2025-05-31  0.153503\n14  2025-06-03  0.163547\n15  2025-06-08  0.150098\n16  2025-06-10  0.153619\n17  2025-06-13  0.157855\n18  2025-06-18  0.138817\n19  2025-06-23  0.145729\n20  2025-06-28  0.149916\n21  2025-07-08  0.141909\n22  2025-07-10  0.134881\n23  2025-07-18  0.146236\n24  2025-07-20  0.129895\n25  2025-07-28  0.136923\n26  2025-07-30  0.129310,           date         y\n0   2025-01-04  0.331694\n1   2025-01-09  0.326275\n2   2025-01-24  0.376840\n3   2025-02-03  0.396372\n4   2025-02-18  0.149394\n5   2025-03-10  0.249026\n6   2025-03-15  0.231317\n7   2025-03-22  0.209364\n8   2025-04-09  0.200942\n9   2025-04-24  0.161927\n10  2025-05-09  0.155935\n11  2025-05-19  0.163668\n12  2025-05-29  0.158221\n13  2025-05-31  0.142436\n14  2025-06-03  0.150960\n15  2025-06-08  0.143534\n16  2025-06-10  0.139030\n17  2025-06-13  0.145384\n18  2025-06-18  0.127166\n19  2025-06-23  0.132081\n20  2025-06-28  0.136336\n21  2025-07-08  0.122829\n22  2025-07-10  0.121531\n23  2025-07-18  0.135433\n24  2025-07-20  0.117152\n25  2025-07-28  0.127507\n26  2025-07-30  0.114524)","logger":"airflow.task.operators.airflow.providers.standard.operators.python.PythonOperator"}
{"timestamp":"2025-08-01T23:45:56.133072","level":"info","event":"Pushing xcom","ti":"RuntimeTaskInstance(id=UUID('01986805-961e-7917-aa29-ee8c5985e4b9'), task_id='compute_mean', dag_id='ndvi_change_detection_pipeline_branching', run_id='manual__2025-08-01T23:39:11.055671+00:00', try_number=2, map_index=-1, hostname='DESKTOP-H7QUGA8.', context_carrier=None, task=<Task(PythonOperator): compute_mean>, bundle_instance=LocalDagBundle(name=dags-folder), max_tries=2, start_date=datetime.datetime(2025, 8, 1, 23, 45, 54, 810912, tzinfo=datetime.timezone.utc), end_date=None, state=<TaskInstanceState.RUNNING: 'running'>, is_mapped=False, rendered_map_index=None, log_url='http://localhost:8080/dags/ndvi_change_detection_pipeline_branching/runs/manual__2025-08-01T23%3A39%3A11.055671%2B00%3A00/tasks/compute_mean?try_number=2')","logger":"task"}
{"timestamp":"2025-08-01T23:45:56.216769Z","level":"info","event":"Task instance in success state","chan":"stdout","logger":"task"}
{"timestamp":"2025-08-01T23:45:56.216901Z","level":"info","event":" Previous state of the Task instance: TaskInstanceState.RUNNING","chan":"stdout","logger":"task"}
{"timestamp":"2025-08-01T23:45:56.217081Z","level":"info","event":"Task operator:<Task(PythonOperator): compute_mean>","chan":"stdout","logger":"task"}
