{"timestamp":"2025-08-01T16:06:07.602828","level":"info","event":"DAG bundles loaded: dags-folder, example_dags","logger":"airflow.dag_processing.bundles.manager.DagBundlesManager"}
{"timestamp":"2025-08-01T16:06:07.603288","level":"info","event":"Filling up the DagBag from /home/user/airflow/dags/my_first_dag.py","logger":"airflow.models.dagbag.DagBag"}
{"timestamp":"2025-08-01T16:06:08.451920Z","level":"info","event":"Task instance is in running state","chan":"stdout","logger":"task"}
{"timestamp":"2025-08-01T16:06:08.452054Z","level":"info","event":" Previous state of the Task instance: TaskInstanceState.QUEUED","chan":"stdout","logger":"task"}
{"timestamp":"2025-08-01T16:06:08.452120Z","level":"info","event":"Current task name:find_simulated_dates_wrapper","chan":"stdout","logger":"task"}
{"timestamp":"2025-08-01T16:06:08.452149Z","level":"info","event":"Dag name:ndvi_change_detection_pipeline_branching","chan":"stdout","logger":"task"}
{"timestamp":"2025-08-01T16:06:08.453474Z","level":"info","event":"Using date_after_path: /home/user/airflow/historical_TIFs/2025-01-24_NDVI.tif","chan":"stdout","logger":"task"}
{"timestamp":"2025-08-01T16:06:08.461015Z","level":"info","event":"Pulled difference (sog_shift) from branching_2: 13","chan":"stdout","logger":"task"}
{"timestamp":"2025-08-01T16:06:08.461125Z","level":"info","event":"Using sog_shift as int: 13","chan":"stdout","logger":"task"}
{"timestamp":"2025-08-01T16:06:08.461311Z","level":"info","event":"Extracted date_after: 2025-01-24 00:00:00","chan":"stdout","logger":"task"}
{"timestamp":"2025-08-01T16:06:08.461361Z","level":"info","event":"Calculated date_before: 2025-01-11 00:00:00","chan":"stdout","logger":"task"}
{"timestamp":"2025-08-01T16:06:08.461410Z","level":"info","event":"Computed date_before_path: /home/user/airflow/historical_TIFs/2025-01-11_NDVI.tif","chan":"stdout","logger":"task"}
{"timestamp":"2025-08-01T16:06:08.461436Z","level":"info","event":"testing find_simulated_dates","chan":"stdout","logger":"task"}
{"timestamp":"2025-08-01T16:06:08.466522Z","level":"info","event":"All XCom from branching_2: None","chan":"stdout","logger":"task"}
{"timestamp":"2025-08-01T16:06:08.472472Z","level":"info","event":"sog_difference_days: None","chan":"stdout","logger":"task"}
{"timestamp":"2025-08-01T16:06:08.472551","level":"error","event":"Task failed with exception","logger":"task","error_detail":[{"exc_type":"UnboundLocalError","exc_value":"cannot access local variable 'sog_shift' where it is not associated with a value","exc_notes":[],"syntax_error":null,"is_cause":false,"frames":[{"filename":"/home/user/airflow_venv_clean/lib/python3.12/site-packages/airflow/sdk/execution_time/task_runner.py","lineno":877,"name":"run"},{"filename":"/home/user/airflow_venv_clean/lib/python3.12/site-packages/airflow/sdk/execution_time/task_runner.py","lineno":1164,"name":"_execute_task"},{"filename":"/home/user/airflow_venv_clean/lib/python3.12/site-packages/airflow/sdk/bases/operator.py","lineno":397,"name":"wrapper"},{"filename":"/home/user/airflow_venv_clean/lib/python3.12/site-packages/airflow/providers/standard/operators/python.py","lineno":217,"name":"execute"},{"filename":"/home/user/airflow_venv_clean/lib/python3.12/site-packages/airflow/providers/standard/operators/python.py","lineno":240,"name":"execute_callable"},{"filename":"/home/user/airflow_venv_clean/lib/python3.12/site-packages/airflow/sdk/execution_time/callback_runner.py","lineno":81,"name":"run"},{"filename":"/home/user/airflow/ndvi_utils.py","lineno":439,"name":"find_simulated_dates_wrapper"},{"filename":"/home/user/airflow/ndvi_utils.py","lineno":454,"name":"find_simulated_dates"}],"is_group":false,"exceptions":[]}]}
{"timestamp":"2025-08-01T16:06:08.497143Z","level":"info","event":"Task instance in failure state","chan":"stdout","logger":"task"}
{"timestamp":"2025-08-01T16:06:08.497294Z","level":"info","event":"Task start","chan":"stdout","logger":"task"}
{"timestamp":"2025-08-01T16:06:08.497355Z","level":"info","event":"Task:<Task(PythonOperator): find_simulated_dates_wrapper>","chan":"stdout","logger":"task"}
{"timestamp":"2025-08-01T16:06:08.497388Z","level":"info","event":"Failure caused by cannot access local variable 'sog_shift' where it is not associated with a value","chan":"stdout","logger":"task"}
