{"timestamp":"2025-07-30T10:24:52.290315","level":"info","event":"DAG bundles loaded: dags-folder, example_dags","logger":"airflow.dag_processing.bundles.manager.DagBundlesManager"}
{"timestamp":"2025-07-30T10:24:52.290729","level":"info","event":"Filling up the DagBag from /home/user/airflow/dags/my_first_dag.py","logger":"airflow.models.dagbag.DagBag"}
{"timestamp":"2025-07-30T10:24:52.996457Z","level":"info","event":"Task instance is in running state","chan":"stdout","logger":"task"}
{"timestamp":"2025-07-30T10:24:52.996572Z","level":"info","event":" Previous state of the Task instance: TaskInstanceState.QUEUED","chan":"stdout","logger":"task"}
{"timestamp":"2025-07-30T10:24:52.996641Z","level":"info","event":"Current task name:download_historical_images","chan":"stdout","logger":"task"}
{"timestamp":"2025-07-30T10:24:52.996667Z","level":"info","event":"Dag name:ndvi_change_detection_pipeline_branching","chan":"stdout","logger":"task"}
{"timestamp":"2025-07-30T10:24:55.541899Z","level":"info","event":"Found 26 images between 2025-01-01 and 2025-07-30","chan":"stdout","logger":"task"}
{"timestamp":"2025-07-30T10:24:56.813139Z","level":"info","event":"Downloading NDVI for 2025-01-04","chan":"stdout","logger":"task"}
{"timestamp":"2025-07-30T10:24:57.228920Z","level":"info","event":"Saved NDVI image to /home/user/airflow/historical_TIFs/2025-01-04_NDVI.tif","chan":"stdout","logger":"task"}
{"timestamp":"2025-07-30T10:24:58.683498Z","level":"info","event":"Downloading NDVI for 2025-01-09","chan":"stdout","logger":"task"}
{"timestamp":"2025-07-30T10:24:59.113970Z","level":"info","event":"Saved NDVI image to /home/user/airflow/historical_TIFs/2025-01-09_NDVI.tif","chan":"stdout","logger":"task"}
{"timestamp":"2025-07-30T10:25:00.630808Z","level":"info","event":"Downloading NDVI for 2025-01-24","chan":"stdout","logger":"task"}
{"timestamp":"2025-07-30T10:25:01.074022Z","level":"info","event":"Saved NDVI image to /home/user/airflow/historical_TIFs/2025-01-24_NDVI.tif","chan":"stdout","logger":"task"}
{"timestamp":"2025-07-30T10:25:01.723201Z","level":"info","event":"Downloading NDVI for 2025-02-03","chan":"stdout","logger":"task"}
{"timestamp":"2025-07-30T10:25:02.101557Z","level":"info","event":"Saved NDVI image to /home/user/airflow/historical_TIFs/2025-02-03_NDVI.tif","chan":"stdout","logger":"task"}
{"timestamp":"2025-07-30T10:25:03.637683Z","level":"info","event":"Downloading NDVI for 2025-02-18","chan":"stdout","logger":"task"}
{"timestamp":"2025-07-30T10:25:04.116232Z","level":"info","event":"Saved NDVI image to /home/user/airflow/historical_TIFs/2025-02-18_NDVI.tif","chan":"stdout","logger":"task"}
{"timestamp":"2025-07-30T10:25:05.471919Z","level":"info","event":"Downloading NDVI for 2025-03-10","chan":"stdout","logger":"task"}
{"timestamp":"2025-07-30T10:25:05.873243Z","level":"info","event":"Saved NDVI image to /home/user/airflow/historical_TIFs/2025-03-10_NDVI.tif","chan":"stdout","logger":"task"}
{"timestamp":"2025-07-30T10:25:07.570029Z","level":"info","event":"Downloading NDVI for 2025-03-15","chan":"stdout","logger":"task"}
{"timestamp":"2025-07-30T10:25:07.973730Z","level":"info","event":"Saved NDVI image to /home/user/airflow/historical_TIFs/2025-03-15_NDVI.tif","chan":"stdout","logger":"task"}
{"timestamp":"2025-07-30T10:25:09.390374Z","level":"info","event":"Downloading NDVI for 2025-03-22","chan":"stdout","logger":"task"}
{"timestamp":"2025-07-30T10:25:09.754308Z","level":"info","event":"Saved NDVI image to /home/user/airflow/historical_TIFs/2025-03-22_NDVI.tif","chan":"stdout","logger":"task"}
{"timestamp":"2025-07-30T10:25:11.275217Z","level":"info","event":"Downloading NDVI for 2025-04-09","chan":"stdout","logger":"task"}
{"timestamp":"2025-07-30T10:25:11.653800Z","level":"info","event":"Saved NDVI image to /home/user/airflow/historical_TIFs/2025-04-09_NDVI.tif","chan":"stdout","logger":"task"}
{"timestamp":"2025-07-30T10:25:12.986165Z","level":"info","event":"Downloading NDVI for 2025-04-24","chan":"stdout","logger":"task"}
{"timestamp":"2025-07-30T10:25:13.354734Z","level":"info","event":"Saved NDVI image to /home/user/airflow/historical_TIFs/2025-04-24_NDVI.tif","chan":"stdout","logger":"task"}
{"timestamp":"2025-07-30T10:25:15.551604Z","level":"info","event":"Downloading NDVI for 2025-05-09","chan":"stdout","logger":"task"}
{"timestamp":"2025-07-30T10:25:15.915135Z","level":"info","event":"Saved NDVI image to /home/user/airflow/historical_TIFs/2025-05-09_NDVI.tif","chan":"stdout","logger":"task"}
{"timestamp":"2025-07-30T10:25:17.305679Z","level":"info","event":"Downloading NDVI for 2025-05-19","chan":"stdout","logger":"task"}
{"timestamp":"2025-07-30T10:25:17.676803Z","level":"info","event":"Saved NDVI image to /home/user/airflow/historical_TIFs/2025-05-19_NDVI.tif","chan":"stdout","logger":"task"}
{"timestamp":"2025-07-30T10:25:19.240633Z","level":"info","event":"Downloading NDVI for 2025-05-29","chan":"stdout","logger":"task"}
{"timestamp":"2025-07-30T10:25:19.602760Z","level":"info","event":"Saved NDVI image to /home/user/airflow/historical_TIFs/2025-05-29_NDVI.tif","chan":"stdout","logger":"task"}
{"timestamp":"2025-07-30T10:25:21.114541Z","level":"info","event":"Downloading NDVI for 2025-05-31","chan":"stdout","logger":"task"}
{"timestamp":"2025-07-30T10:25:21.482040Z","level":"info","event":"Saved NDVI image to /home/user/airflow/historical_TIFs/2025-05-31_NDVI.tif","chan":"stdout","logger":"task"}
{"timestamp":"2025-07-30T10:25:22.941695Z","level":"info","event":"Downloading NDVI for 2025-06-03","chan":"stdout","logger":"task"}
{"timestamp":"2025-07-30T10:25:23.275240Z","level":"info","event":"Saved NDVI image to /home/user/airflow/historical_TIFs/2025-06-03_NDVI.tif","chan":"stdout","logger":"task"}
{"timestamp":"2025-07-30T10:25:24.714601Z","level":"info","event":"Downloading NDVI for 2025-06-08","chan":"stdout","logger":"task"}
{"timestamp":"2025-07-30T10:25:25.031215Z","level":"info","event":"Saved NDVI image to /home/user/airflow/historical_TIFs/2025-06-08_NDVI.tif","chan":"stdout","logger":"task"}
{"timestamp":"2025-07-30T10:25:26.360794Z","level":"info","event":"Downloading NDVI for 2025-06-10","chan":"stdout","logger":"task"}
{"timestamp":"2025-07-30T10:25:26.733485Z","level":"info","event":"Saved NDVI image to /home/user/airflow/historical_TIFs/2025-06-10_NDVI.tif","chan":"stdout","logger":"task"}
{"timestamp":"2025-07-30T10:25:28.017783Z","level":"info","event":"Downloading NDVI for 2025-06-13","chan":"stdout","logger":"task"}
{"timestamp":"2025-07-30T10:25:28.338042Z","level":"info","event":"Saved NDVI image to /home/user/airflow/historical_TIFs/2025-06-13_NDVI.tif","chan":"stdout","logger":"task"}
{"timestamp":"2025-07-30T10:25:29.821707Z","level":"info","event":"Downloading NDVI for 2025-06-18","chan":"stdout","logger":"task"}
{"timestamp":"2025-07-30T10:25:30.136440Z","level":"info","event":"Saved NDVI image to /home/user/airflow/historical_TIFs/2025-06-18_NDVI.tif","chan":"stdout","logger":"task"}
{"timestamp":"2025-07-30T10:25:32.082286Z","level":"info","event":"Downloading NDVI for 2025-06-23","chan":"stdout","logger":"task"}
{"timestamp":"2025-07-30T10:25:32.539644Z","level":"info","event":"Saved NDVI image to /home/user/airflow/historical_TIFs/2025-06-23_NDVI.tif","chan":"stdout","logger":"task"}
{"timestamp":"2025-07-30T10:25:33.299366Z","level":"info","event":"Downloading NDVI for 2025-06-28","chan":"stdout","logger":"task"}
{"timestamp":"2025-07-30T10:25:33.635939Z","level":"info","event":"Saved NDVI image to /home/user/airflow/historical_TIFs/2025-06-28_NDVI.tif","chan":"stdout","logger":"task"}
{"timestamp":"2025-07-30T10:25:35.020113Z","level":"info","event":"Downloading NDVI for 2025-07-08","chan":"stdout","logger":"task"}
{"timestamp":"2025-07-30T10:25:35.338457Z","level":"info","event":"Saved NDVI image to /home/user/airflow/historical_TIFs/2025-07-08_NDVI.tif","chan":"stdout","logger":"task"}
{"timestamp":"2025-07-30T10:25:36.483369Z","level":"info","event":"Downloading NDVI for 2025-07-10","chan":"stdout","logger":"task"}
{"timestamp":"2025-07-30T10:25:36.851547Z","level":"info","event":"Saved NDVI image to /home/user/airflow/historical_TIFs/2025-07-10_NDVI.tif","chan":"stdout","logger":"task"}
{"timestamp":"2025-07-30T10:25:38.344240Z","level":"info","event":"Downloading NDVI for 2025-07-18","chan":"stdout","logger":"task"}
{"timestamp":"2025-07-30T10:25:38.677215Z","level":"info","event":"Saved NDVI image to /home/user/airflow/historical_TIFs/2025-07-18_NDVI.tif","chan":"stdout","logger":"task"}
{"timestamp":"2025-07-30T10:25:40.065547Z","level":"info","event":"Downloading NDVI for 2025-07-20","chan":"stdout","logger":"task"}
{"timestamp":"2025-07-30T10:25:40.389135Z","level":"info","event":"Saved NDVI image to /home/user/airflow/historical_TIFs/2025-07-20_NDVI.tif","chan":"stdout","logger":"task"}
{"timestamp":"2025-07-30T10:25:41.819657Z","level":"info","event":"Downloading NDVI for 2025-07-28","chan":"stdout","logger":"task"}
{"timestamp":"2025-07-30T10:25:42.186008Z","level":"info","event":"Saved NDVI image to /home/user/airflow/historical_TIFs/2025-07-28_NDVI.tif","chan":"stdout","logger":"task"}
{"timestamp":"2025-07-30T10:25:42.186332Z","level":"info","event":"Finished downloading historical images.","chan":"stdout","logger":"task"}
{"timestamp":"2025-07-30T10:25:42.186662","level":"info","event":"Done. Returned value was: None","logger":"airflow.task.operators.airflow.providers.standard.operators.python.PythonOperator"}
{"timestamp":"2025-07-30T10:25:42.206258Z","level":"info","event":"Task instance in success state","chan":"stdout","logger":"task"}
{"timestamp":"2025-07-30T10:25:42.206344Z","level":"info","event":" Previous state of the Task instance: TaskInstanceState.RUNNING","chan":"stdout","logger":"task"}
{"timestamp":"2025-07-30T10:25:42.206502Z","level":"info","event":"Task operator:<Task(PythonOperator): download_historical_images>","chan":"stdout","logger":"task"}
