{"timestamp":"2025-07-31T13:25:51.769368","level":"info","event":"DAG bundles loaded: dags-folder, example_dags","logger":"airflow.dag_processing.bundles.manager.DagBundlesManager"}
{"timestamp":"2025-07-31T13:25:51.770125","level":"info","event":"Filling up the DagBag from /home/user/airflow/dags/my_first_dag.py","logger":"airflow.models.dagbag.DagBag"}
{"timestamp":"2025-07-31T13:25:52.782814Z","level":"info","event":"Task instance is in running state","chan":"stdout","logger":"task"}
{"timestamp":"2025-07-31T13:25:52.782970Z","level":"info","event":" Previous state of the Task instance: TaskInstanceState.QUEUED","chan":"stdout","logger":"task"}
{"timestamp":"2025-07-31T13:25:52.783162Z","level":"info","event":"Current task name:download_historical_images","chan":"stdout","logger":"task"}
{"timestamp":"2025-07-31T13:25:52.783224Z","level":"info","event":"Dag name:ndvi_change_detection_pipeline_branching","chan":"stdout","logger":"task"}
{"timestamp":"2025-07-31T13:25:58.890287Z","level":"info","event":"Found 27 images between 2025-01-01 and 2025-07-31","chan":"stdout","logger":"task"}
{"timestamp":"2025-07-31T13:26:00.594938Z","level":"info","event":"Downloading NDVI for 2025-01-04","chan":"stdout","logger":"task"}
{"timestamp":"2025-07-31T13:26:01.096564Z","level":"info","event":"Saved NDVI image to /home/user/airflow/historical_TIFs/2025-01-04_NDVI.tif","chan":"stdout","logger":"task"}
{"timestamp":"2025-07-31T13:26:02.882149Z","level":"info","event":"Downloading NDVI for 2025-01-09","chan":"stdout","logger":"task"}
{"timestamp":"2025-07-31T13:26:03.444708Z","level":"info","event":"Saved NDVI image to /home/user/airflow/historical_TIFs/2025-01-09_NDVI.tif","chan":"stdout","logger":"task"}
{"timestamp":"2025-07-31T13:26:04.963716Z","level":"info","event":"Downloading NDVI for 2025-01-24","chan":"stdout","logger":"task"}
{"timestamp":"2025-07-31T13:26:09.107419Z","level":"info","event":"Saved NDVI image to /home/user/airflow/historical_TIFs/2025-01-24_NDVI.tif","chan":"stdout","logger":"task"}
{"timestamp":"2025-07-31T13:26:11.462690Z","level":"info","event":"Downloading NDVI for 2025-02-03","chan":"stdout","logger":"task"}
{"timestamp":"2025-07-31T13:26:12.147624Z","level":"info","event":"Saved NDVI image to /home/user/airflow/historical_TIFs/2025-02-03_NDVI.tif","chan":"stdout","logger":"task"}
{"timestamp":"2025-07-31T13:26:14.350347Z","level":"info","event":"Downloading NDVI for 2025-02-18","chan":"stdout","logger":"task"}
{"timestamp":"2025-07-31T13:26:16.823958Z","level":"info","event":"Saved NDVI image to /home/user/airflow/historical_TIFs/2025-02-18_NDVI.tif","chan":"stdout","logger":"task"}
{"timestamp":"2025-07-31T13:26:18.854709Z","level":"info","event":"Downloading NDVI for 2025-03-10","chan":"stdout","logger":"task"}
{"timestamp":"2025-07-31T13:26:19.913988Z","level":"info","event":"Saved NDVI image to /home/user/airflow/historical_TIFs/2025-03-10_NDVI.tif","chan":"stdout","logger":"task"}
{"timestamp":"2025-07-31T13:26:23.892414Z","level":"info","event":"Downloading NDVI for 2025-03-15","chan":"stdout","logger":"task"}
{"timestamp":"2025-07-31T13:26:24.556296Z","level":"info","event":"Saved NDVI image to /home/user/airflow/historical_TIFs/2025-03-15_NDVI.tif","chan":"stdout","logger":"task"}
{"timestamp":"2025-07-31T13:26:26.317191Z","level":"info","event":"Downloading NDVI for 2025-03-22","chan":"stdout","logger":"task"}
{"timestamp":"2025-07-31T13:26:27.161776Z","level":"info","event":"Saved NDVI image to /home/user/airflow/historical_TIFs/2025-03-22_NDVI.tif","chan":"stdout","logger":"task"}
{"timestamp":"2025-07-31T13:26:29.001624Z","level":"info","event":"Downloading NDVI for 2025-04-09","chan":"stdout","logger":"task"}
{"timestamp":"2025-07-31T13:26:29.876385Z","level":"info","event":"Saved NDVI image to /home/user/airflow/historical_TIFs/2025-04-09_NDVI.tif","chan":"stdout","logger":"task"}
{"timestamp":"2025-07-31T13:26:31.670984Z","level":"info","event":"Downloading NDVI for 2025-04-24","chan":"stdout","logger":"task"}
{"timestamp":"2025-07-31T13:26:33.499348Z","level":"info","event":"Saved NDVI image to /home/user/airflow/historical_TIFs/2025-04-24_NDVI.tif","chan":"stdout","logger":"task"}
{"timestamp":"2025-07-31T13:26:37.535197Z","level":"info","event":"Downloading NDVI for 2025-05-09","chan":"stdout","logger":"task"}
{"timestamp":"2025-07-31T13:26:49.590626","level":"error","event":"Task failed with exception","logger":"task","error_detail":[{"exc_type":"ConnectionError","exc_value":"('Connection aborted.', RemoteDisconnected('Remote end closed connection without response'))","exc_notes":[],"syntax_error":null,"is_cause":false,"frames":[{"filename":"/home/user/airflow_venv_clean/lib/python3.12/site-packages/airflow/sdk/execution_time/task_runner.py","lineno":877,"name":"run"},{"filename":"/home/user/airflow_venv_clean/lib/python3.12/site-packages/airflow/sdk/execution_time/task_runner.py","lineno":1164,"name":"_execute_task"},{"filename":"/home/user/airflow_venv_clean/lib/python3.12/site-packages/airflow/sdk/bases/operator.py","lineno":397,"name":"wrapper"},{"filename":"/home/user/airflow_venv_clean/lib/python3.12/site-packages/airflow/providers/standard/operators/python.py","lineno":217,"name":"execute"},{"filename":"/home/user/airflow_venv_clean/lib/python3.12/site-packages/airflow/providers/standard/operators/python.py","lineno":240,"name":"execute_callable"},{"filename":"/home/user/airflow_venv_clean/lib/python3.12/site-packages/airflow/sdk/execution_time/callback_runner.py","lineno":81,"name":"run"},{"filename":"/home/user/airflow/ndvi_utils.py","lineno":470,"name":"download_historical_images"},{"filename":"/home/user/airflow_venv_clean/lib/python3.12/site-packages/requests/api.py","lineno":73,"name":"get"},{"filename":"/home/user/airflow_venv_clean/lib/python3.12/site-packages/requests/api.py","lineno":59,"name":"request"},{"filename":"/home/user/airflow_venv_clean/lib/python3.12/site-packages/requests/sessions.py","lineno":589,"name":"request"},{"filename":"/home/user/airflow_venv_clean/lib/python3.12/site-packages/requests/sessions.py","lineno":703,"name":"send"},{"filename":"/home/user/airflow_venv_clean/lib/python3.12/site-packages/requests/adapters.py","lineno":682,"name":"send"}],"is_group":false,"exceptions":[]},{"exc_type":"ProtocolError","exc_value":"('Connection aborted.', RemoteDisconnected('Remote end closed connection without response'))","exc_notes":[],"syntax_error":null,"is_cause":false,"frames":[{"filename":"/home/user/airflow_venv_clean/lib/python3.12/site-packages/requests/adapters.py","lineno":667,"name":"send"},{"filename":"/home/user/airflow_venv_clean/lib/python3.12/site-packages/urllib3/connectionpool.py","lineno":841,"name":"urlopen"},{"filename":"/home/user/airflow_venv_clean/lib/python3.12/site-packages/urllib3/util/retry.py","lineno":474,"name":"increment"},{"filename":"/home/user/airflow_venv_clean/lib/python3.12/site-packages/urllib3/util/util.py","lineno":38,"name":"reraise"},{"filename":"/home/user/airflow_venv_clean/lib/python3.12/site-packages/urllib3/connectionpool.py","lineno":787,"name":"urlopen"},{"filename":"/home/user/airflow_venv_clean/lib/python3.12/site-packages/urllib3/connectionpool.py","lineno":534,"name":"_make_request"},{"filename":"/home/user/airflow_venv_clean/lib/python3.12/site-packages/urllib3/connection.py","lineno":565,"name":"getresponse"},{"filename":"/usr/lib/python3.12/http/client.py","lineno":1428,"name":"getresponse"},{"filename":"/usr/lib/python3.12/http/client.py","lineno":331,"name":"begin"},{"filename":"/usr/lib/python3.12/http/client.py","lineno":300,"name":"_read_status"}],"is_group":false,"exceptions":[]},{"exc_type":"RemoteDisconnected","exc_value":"Remote end closed connection without response","exc_notes":[],"syntax_error":null,"is_cause":false,"frames":[{"filename":"/home/user/airflow_venv_clean/lib/python3.12/site-packages/urllib3/connectionpool.py","lineno":787,"name":"urlopen"},{"filename":"/home/user/airflow_venv_clean/lib/python3.12/site-packages/urllib3/connectionpool.py","lineno":534,"name":"_make_request"},{"filename":"/home/user/airflow_venv_clean/lib/python3.12/site-packages/urllib3/connection.py","lineno":565,"name":"getresponse"},{"filename":"/usr/lib/python3.12/http/client.py","lineno":1428,"name":"getresponse"},{"filename":"/usr/lib/python3.12/http/client.py","lineno":331,"name":"begin"},{"filename":"/usr/lib/python3.12/http/client.py","lineno":300,"name":"_read_status"}],"is_group":false,"exceptions":[]}]}
{"timestamp":"2025-07-31T13:26:49.592025Z","level":"info","event":"Task instance in failure state","chan":"stdout","logger":"task"}
{"timestamp":"2025-07-31T13:26:49.592080Z","level":"info","event":"Task start","chan":"stdout","logger":"task"}
{"timestamp":"2025-07-31T13:26:49.592106Z","level":"info","event":"Task:<Task(PythonOperator): download_historical_images>","chan":"stdout","logger":"task"}
{"timestamp":"2025-07-31T13:26:49.592128Z","level":"info","event":"Failure caused by ('Connection aborted.', RemoteDisconnected('Remote end closed connection without response'))","chan":"stdout","logger":"task"}
