{"timestamp":"2025-08-05T09:30:31.170391","level":"info","event":"DAG bundles loaded: dags-folder, example_dags","logger":"airflow.dag_processing.bundles.manager.DagBundlesManager"}
{"timestamp":"2025-08-05T09:30:31.170810","level":"info","event":"Filling up the DagBag from /home/user/airflow/dags/my_first_dag.py","logger":"airflow.models.dagbag.DagBag"}
{"timestamp":"2025-08-05T09:30:31.953841Z","level":"info","event":"Task instance is in running state","chan":"stdout","logger":"task"}
{"timestamp":"2025-08-05T09:30:31.954030Z","level":"info","event":" Previous state of the Task instance: TaskInstanceState.QUEUED","chan":"stdout","logger":"task"}
{"timestamp":"2025-08-05T09:30:31.954147Z","level":"info","event":"Current task name:download_historical_images","chan":"stdout","logger":"task"}
{"timestamp":"2025-08-05T09:30:31.954191Z","level":"info","event":"Dag name:ndvi_change_detection_pipeline_branching","chan":"stdout","logger":"task"}
{"timestamp":"2025-08-05T09:30:35.035131Z","level":"info","event":"Found 27 images between 2025-01-01 and 2025-08-05","chan":"stdout","logger":"task"}
{"timestamp":"2025-08-05T09:30:37.219847Z","level":"info","event":"Downloading NDVI for 2025-01-04","chan":"stdout","logger":"task"}
{"timestamp":"2025-08-05T09:30:38.460459Z","level":"info","event":"Saved NDVI image to /home/user/airflow/historical_TIFs/2025-01-04_NDVI.tif","chan":"stdout","logger":"task"}
{"timestamp":"2025-08-05T09:30:40.517508Z","level":"info","event":"Downloading NDVI for 2025-01-09","chan":"stdout","logger":"task"}
{"timestamp":"2025-08-05T09:30:41.527992Z","level":"info","event":"Saved NDVI image to /home/user/airflow/historical_TIFs/2025-01-09_NDVI.tif","chan":"stdout","logger":"task"}
{"timestamp":"2025-08-05T09:30:46.100731Z","level":"info","event":"Downloading NDVI for 2025-01-24","chan":"stdout","logger":"task"}
{"timestamp":"2025-08-05T09:30:47.024593Z","level":"info","event":"Saved NDVI image to /home/user/airflow/historical_TIFs/2025-01-24_NDVI.tif","chan":"stdout","logger":"task"}
{"timestamp":"2025-08-05T09:30:49.083137Z","level":"info","event":"Downloading NDVI for 2025-02-03","chan":"stdout","logger":"task"}
{"timestamp":"2025-08-05T09:30:50.519262Z","level":"info","event":"Saved NDVI image to /home/user/airflow/historical_TIFs/2025-02-03_NDVI.tif","chan":"stdout","logger":"task"}
{"timestamp":"2025-08-05T09:30:51.927829Z","level":"info","event":"Downloading NDVI for 2025-02-18","chan":"stdout","logger":"task"}
{"timestamp":"2025-08-05T09:30:52.471585Z","level":"info","event":"Saved NDVI image to /home/user/airflow/historical_TIFs/2025-02-18_NDVI.tif","chan":"stdout","logger":"task"}
{"timestamp":"2025-08-05T09:30:55.261892Z","level":"info","event":"Downloading NDVI for 2025-03-10","chan":"stdout","logger":"task"}
{"timestamp":"2025-08-05T09:30:55.718015Z","level":"info","event":"Saved NDVI image to /home/user/airflow/historical_TIFs/2025-03-10_NDVI.tif","chan":"stdout","logger":"task"}
{"timestamp":"2025-08-05T09:30:58.322174Z","level":"info","event":"Downloading NDVI for 2025-03-15","chan":"stdout","logger":"task"}
{"timestamp":"2025-08-05T09:30:58.744821Z","level":"info","event":"Saved NDVI image to /home/user/airflow/historical_TIFs/2025-03-15_NDVI.tif","chan":"stdout","logger":"task"}
{"timestamp":"2025-08-05T09:31:00.711951Z","level":"info","event":"Downloading NDVI for 2025-03-22","chan":"stdout","logger":"task"}
{"timestamp":"2025-08-05T09:31:01.602579Z","level":"info","event":"Saved NDVI image to /home/user/airflow/historical_TIFs/2025-03-22_NDVI.tif","chan":"stdout","logger":"task"}
{"timestamp":"2025-08-05T09:31:03.175724Z","level":"info","event":"Downloading NDVI for 2025-04-09","chan":"stdout","logger":"task"}
{"timestamp":"2025-08-05T09:31:04.890368Z","level":"info","event":"Saved NDVI image to /home/user/airflow/historical_TIFs/2025-04-09_NDVI.tif","chan":"stdout","logger":"task"}
{"timestamp":"2025-08-05T09:31:06.455407Z","level":"info","event":"Downloading NDVI for 2025-04-24","chan":"stdout","logger":"task"}
{"timestamp":"2025-08-05T09:31:07.412837Z","level":"info","event":"Saved NDVI image to /home/user/airflow/historical_TIFs/2025-04-24_NDVI.tif","chan":"stdout","logger":"task"}
{"timestamp":"2025-08-05T09:31:08.902141Z","level":"info","event":"Downloading NDVI for 2025-05-09","chan":"stdout","logger":"task"}
{"timestamp":"2025-08-05T09:31:09.944420Z","level":"info","event":"Saved NDVI image to /home/user/airflow/historical_TIFs/2025-05-09_NDVI.tif","chan":"stdout","logger":"task"}
{"timestamp":"2025-08-05T09:31:12.211766Z","level":"info","event":"Downloading NDVI for 2025-05-19","chan":"stdout","logger":"task"}
{"timestamp":"2025-08-05T09:31:12.626746Z","level":"info","event":"Saved NDVI image to /home/user/airflow/historical_TIFs/2025-05-19_NDVI.tif","chan":"stdout","logger":"task"}
{"timestamp":"2025-08-05T09:31:14.610121Z","level":"info","event":"Downloading NDVI for 2025-05-29","chan":"stdout","logger":"task"}
{"timestamp":"2025-08-05T09:31:15.002032Z","level":"info","event":"Saved NDVI image to /home/user/airflow/historical_TIFs/2025-05-29_NDVI.tif","chan":"stdout","logger":"task"}
{"timestamp":"2025-08-05T09:31:16.522400Z","level":"info","event":"Downloading NDVI for 2025-05-31","chan":"stdout","logger":"task"}
{"timestamp":"2025-08-05T09:31:16.886612Z","level":"info","event":"Saved NDVI image to /home/user/airflow/historical_TIFs/2025-05-31_NDVI.tif","chan":"stdout","logger":"task"}
{"timestamp":"2025-08-05T09:31:19.426608Z","level":"info","event":"Downloading NDVI for 2025-06-03","chan":"stdout","logger":"task"}
{"timestamp":"2025-08-05T09:31:20.485782Z","level":"info","event":"Saved NDVI image to /home/user/airflow/historical_TIFs/2025-06-03_NDVI.tif","chan":"stdout","logger":"task"}
{"timestamp":"2025-08-05T09:31:22.458181Z","level":"info","event":"Downloading NDVI for 2025-06-08","chan":"stdout","logger":"task"}
{"timestamp":"2025-08-05T09:31:23.887910Z","level":"info","event":"Saved NDVI image to /home/user/airflow/historical_TIFs/2025-06-08_NDVI.tif","chan":"stdout","logger":"task"}
{"timestamp":"2025-08-05T09:31:25.475520Z","level":"info","event":"Downloading NDVI for 2025-06-10","chan":"stdout","logger":"task"}
{"timestamp":"2025-08-05T09:31:26.293684Z","level":"info","event":"Saved NDVI image to /home/user/airflow/historical_TIFs/2025-06-10_NDVI.tif","chan":"stdout","logger":"task"}
{"timestamp":"2025-08-05T09:31:27.823542Z","level":"info","event":"Downloading NDVI for 2025-06-13","chan":"stdout","logger":"task"}
{"timestamp":"2025-08-05T09:31:28.181881Z","level":"info","event":"Saved NDVI image to /home/user/airflow/historical_TIFs/2025-06-13_NDVI.tif","chan":"stdout","logger":"task"}
{"timestamp":"2025-08-05T09:32:00.873100Z","level":"info","event":"Downloading NDVI for 2025-06-18","chan":"stdout","logger":"task"}
{"timestamp":"2025-08-05T09:32:01.234559Z","level":"info","event":"Saved NDVI image to /home/user/airflow/historical_TIFs/2025-06-18_NDVI.tif","chan":"stdout","logger":"task"}
{"timestamp":"2025-08-05T09:32:02.774641Z","level":"info","event":"Downloading NDVI for 2025-06-23","chan":"stdout","logger":"task"}
{"timestamp":"2025-08-05T09:32:03.713468Z","level":"info","event":"Saved NDVI image to /home/user/airflow/historical_TIFs/2025-06-23_NDVI.tif","chan":"stdout","logger":"task"}
{"timestamp":"2025-08-05T09:32:06.046350Z","level":"info","event":"Downloading NDVI for 2025-06-28","chan":"stdout","logger":"task"}
{"timestamp":"2025-08-05T09:32:06.894636Z","level":"info","event":"Saved NDVI image to /home/user/airflow/historical_TIFs/2025-06-28_NDVI.tif","chan":"stdout","logger":"task"}
{"timestamp":"2025-08-05T09:32:08.315486Z","level":"info","event":"Downloading NDVI for 2025-07-08","chan":"stdout","logger":"task"}
{"timestamp":"2025-08-05T09:32:09.209663Z","level":"info","event":"Saved NDVI image to /home/user/airflow/historical_TIFs/2025-07-08_NDVI.tif","chan":"stdout","logger":"task"}
{"timestamp":"2025-08-05T09:32:10.813396Z","level":"info","event":"Downloading NDVI for 2025-07-10","chan":"stdout","logger":"task"}
{"timestamp":"2025-08-05T09:32:11.716363Z","level":"info","event":"Saved NDVI image to /home/user/airflow/historical_TIFs/2025-07-10_NDVI.tif","chan":"stdout","logger":"task"}
{"timestamp":"2025-08-05T09:32:13.266716Z","level":"info","event":"Downloading NDVI for 2025-07-18","chan":"stdout","logger":"task"}
{"timestamp":"2025-08-05T09:32:14.059169Z","level":"info","event":"Saved NDVI image to /home/user/airflow/historical_TIFs/2025-07-18_NDVI.tif","chan":"stdout","logger":"task"}
{"timestamp":"2025-08-05T09:32:16.676594Z","level":"info","event":"Downloading NDVI for 2025-07-20","chan":"stdout","logger":"task"}
{"timestamp":"2025-08-05T09:32:17.096131Z","level":"info","event":"Saved NDVI image to /home/user/airflow/historical_TIFs/2025-07-20_NDVI.tif","chan":"stdout","logger":"task"}
{"timestamp":"2025-08-05T09:32:18.561111Z","level":"info","event":"Downloading NDVI for 2025-07-28","chan":"stdout","logger":"task"}
{"timestamp":"2025-08-05T09:32:19.962833Z","level":"info","event":"Saved NDVI image to /home/user/airflow/historical_TIFs/2025-07-28_NDVI.tif","chan":"stdout","logger":"task"}
{"timestamp":"2025-08-05T09:32:21.626260Z","level":"info","event":"Downloading NDVI for 2025-07-30","chan":"stdout","logger":"task"}
{"timestamp":"2025-08-05T09:32:22.099103Z","level":"info","event":"Saved NDVI image to /home/user/airflow/historical_TIFs/2025-07-30_NDVI.tif","chan":"stdout","logger":"task"}
{"timestamp":"2025-08-05T09:32:22.099853Z","level":"info","event":"Finished downloading historical images.","chan":"stdout","logger":"task"}
{"timestamp":"2025-08-05T09:32:22.101284","level":"info","event":"Done. Returned value was: None","logger":"airflow.task.operators.airflow.providers.standard.operators.python.PythonOperator"}
{"timestamp":"2025-08-05T09:32:22.147239Z","level":"info","event":"Task instance in success state","chan":"stdout","logger":"task"}
{"timestamp":"2025-08-05T09:32:22.147333Z","level":"info","event":" Previous state of the Task instance: TaskInstanceState.RUNNING","chan":"stdout","logger":"task"}
{"timestamp":"2025-08-05T09:32:22.147556Z","level":"info","event":"Task operator:<Task(PythonOperator): download_historical_images>","chan":"stdout","logger":"task"}
