{"timestamp":"2025-08-01T14:15:30.114372","level":"info","event":"DAG bundles loaded: dags-folder, example_dags","logger":"airflow.dag_processing.bundles.manager.DagBundlesManager"}
{"timestamp":"2025-08-01T14:15:30.114796","level":"info","event":"Filling up the DagBag from /home/user/airflow/dags/my_first_dag.py","logger":"airflow.models.dagbag.DagBag"}
{"timestamp":"2025-08-01T14:15:30.886802Z","level":"info","event":"Task instance is in running state","chan":"stdout","logger":"task"}
{"timestamp":"2025-08-01T14:15:30.886934Z","level":"info","event":" Previous state of the Task instance: TaskInstanceState.QUEUED","chan":"stdout","logger":"task"}
{"timestamp":"2025-08-01T14:15:30.887052Z","level":"info","event":"Current task name:download_historical_images","chan":"stdout","logger":"task"}
{"timestamp":"2025-08-01T14:15:30.887092Z","level":"info","event":"Dag name:ndvi_change_detection_pipeline_branching","chan":"stdout","logger":"task"}
{"timestamp":"2025-08-01T14:15:35.259716Z","level":"info","event":"Found 27 images between 2025-01-01 and 2025-08-01","chan":"stdout","logger":"task"}
{"timestamp":"2025-08-01T14:15:36.603844Z","level":"info","event":"Downloading NDVI for 2025-01-04","chan":"stdout","logger":"task"}
{"timestamp":"2025-08-01T14:15:37.649972Z","level":"info","event":"Saved NDVI image to /home/user/airflow/historical_TIFs/2025-01-04_NDVI.tif","chan":"stdout","logger":"task"}
{"timestamp":"2025-08-01T14:15:48.636759Z","level":"info","event":"Downloading NDVI for 2025-01-09","chan":"stdout","logger":"task"}
{"timestamp":"2025-08-01T14:15:49.566476Z","level":"info","event":"Saved NDVI image to /home/user/airflow/historical_TIFs/2025-01-09_NDVI.tif","chan":"stdout","logger":"task"}
{"timestamp":"2025-08-01T14:15:52.274222Z","level":"info","event":"Downloading NDVI for 2025-01-24","chan":"stdout","logger":"task"}
{"timestamp":"2025-08-01T14:16:01.668968Z","level":"info","event":"Saved NDVI image to /home/user/airflow/historical_TIFs/2025-01-24_NDVI.tif","chan":"stdout","logger":"task"}
{"timestamp":"2025-08-01T14:16:04.472606Z","level":"info","event":"Downloading NDVI for 2025-02-03","chan":"stdout","logger":"task"}
{"timestamp":"2025-08-01T14:16:04.911511Z","level":"info","event":"Saved NDVI image to /home/user/airflow/historical_TIFs/2025-02-03_NDVI.tif","chan":"stdout","logger":"task"}
{"timestamp":"2025-08-01T14:16:06.734895Z","level":"info","event":"Downloading NDVI for 2025-02-18","chan":"stdout","logger":"task"}
{"timestamp":"2025-08-01T14:16:07.641157Z","level":"info","event":"Saved NDVI image to /home/user/airflow/historical_TIFs/2025-02-18_NDVI.tif","chan":"stdout","logger":"task"}
{"timestamp":"2025-08-01T14:16:09.890946Z","level":"info","event":"Downloading NDVI for 2025-03-10","chan":"stdout","logger":"task"}
{"timestamp":"2025-08-01T14:16:10.825583Z","level":"info","event":"Saved NDVI image to /home/user/airflow/historical_TIFs/2025-03-10_NDVI.tif","chan":"stdout","logger":"task"}
{"timestamp":"2025-08-01T14:16:12.776239Z","level":"info","event":"Downloading NDVI for 2025-03-15","chan":"stdout","logger":"task"}
{"timestamp":"2025-08-01T14:16:13.622940Z","level":"info","event":"Saved NDVI image to /home/user/airflow/historical_TIFs/2025-03-15_NDVI.tif","chan":"stdout","logger":"task"}
{"timestamp":"2025-08-01T14:16:14.809101Z","level":"info","event":"Downloading NDVI for 2025-03-22","chan":"stdout","logger":"task"}
{"timestamp":"2025-08-01T14:16:15.186768Z","level":"info","event":"Saved NDVI image to /home/user/airflow/historical_TIFs/2025-03-22_NDVI.tif","chan":"stdout","logger":"task"}
{"timestamp":"2025-08-01T14:16:17.589238Z","level":"info","event":"Downloading NDVI for 2025-04-09","chan":"stdout","logger":"task"}
{"timestamp":"2025-08-01T14:16:18.508994Z","level":"info","event":"Saved NDVI image to /home/user/airflow/historical_TIFs/2025-04-09_NDVI.tif","chan":"stdout","logger":"task"}
{"timestamp":"2025-08-01T14:16:19.901104Z","level":"info","event":"Downloading NDVI for 2025-04-24","chan":"stdout","logger":"task"}
{"timestamp":"2025-08-01T14:16:20.799229Z","level":"info","event":"Saved NDVI image to /home/user/airflow/historical_TIFs/2025-04-24_NDVI.tif","chan":"stdout","logger":"task"}
{"timestamp":"2025-08-01T14:16:22.760860Z","level":"info","event":"Downloading NDVI for 2025-05-09","chan":"stdout","logger":"task"}
{"timestamp":"2025-08-01T14:16:23.758871Z","level":"info","event":"Saved NDVI image to /home/user/airflow/historical_TIFs/2025-05-09_NDVI.tif","chan":"stdout","logger":"task"}
{"timestamp":"2025-08-01T14:16:26.463935Z","level":"info","event":"Downloading NDVI for 2025-05-19","chan":"stdout","logger":"task"}
{"timestamp":"2025-08-01T14:16:27.459462Z","level":"info","event":"Saved NDVI image to /home/user/airflow/historical_TIFs/2025-05-19_NDVI.tif","chan":"stdout","logger":"task"}
{"timestamp":"2025-08-01T14:16:45.544339Z","level":"info","event":"Downloading NDVI for 2025-05-29","chan":"stdout","logger":"task"}
{"timestamp":"2025-08-01T14:16:46.510121Z","level":"info","event":"Saved NDVI image to /home/user/airflow/historical_TIFs/2025-05-29_NDVI.tif","chan":"stdout","logger":"task"}
{"timestamp":"2025-08-01T14:16:56.807099Z","level":"info","event":"Downloading NDVI for 2025-05-31","chan":"stdout","logger":"task"}
{"timestamp":"2025-08-01T14:16:57.187483Z","level":"info","event":"Saved NDVI image to /home/user/airflow/historical_TIFs/2025-05-31_NDVI.tif","chan":"stdout","logger":"task"}
{"timestamp":"2025-08-01T14:16:58.968754Z","level":"info","event":"Downloading NDVI for 2025-06-03","chan":"stdout","logger":"task"}
{"timestamp":"2025-08-01T14:16:59.360489Z","level":"info","event":"Saved NDVI image to /home/user/airflow/historical_TIFs/2025-06-03_NDVI.tif","chan":"stdout","logger":"task"}
{"timestamp":"2025-08-01T14:17:01.657627Z","level":"info","event":"Downloading NDVI for 2025-06-08","chan":"stdout","logger":"task"}
{"timestamp":"2025-08-01T14:17:02.041735Z","level":"info","event":"Saved NDVI image to /home/user/airflow/historical_TIFs/2025-06-08_NDVI.tif","chan":"stdout","logger":"task"}
{"timestamp":"2025-08-01T14:17:03.917727Z","level":"info","event":"Downloading NDVI for 2025-06-10","chan":"stdout","logger":"task"}
{"timestamp":"2025-08-01T14:17:04.915036Z","level":"info","event":"Saved NDVI image to /home/user/airflow/historical_TIFs/2025-06-10_NDVI.tif","chan":"stdout","logger":"task"}
{"timestamp":"2025-08-01T14:17:07.673061Z","level":"info","event":"Downloading NDVI for 2025-06-13","chan":"stdout","logger":"task"}
{"timestamp":"2025-08-01T14:17:08.737104Z","level":"info","event":"Saved NDVI image to /home/user/airflow/historical_TIFs/2025-06-13_NDVI.tif","chan":"stdout","logger":"task"}
{"timestamp":"2025-08-01T14:17:09.824718Z","level":"info","event":"Downloading NDVI for 2025-06-18","chan":"stdout","logger":"task"}
{"timestamp":"2025-08-01T14:17:18.188039Z","level":"info","event":"Saved NDVI image to /home/user/airflow/historical_TIFs/2025-06-18_NDVI.tif","chan":"stdout","logger":"task"}
{"timestamp":"2025-08-01T14:17:20.193316Z","level":"info","event":"Downloading NDVI for 2025-06-23","chan":"stdout","logger":"task"}
{"timestamp":"2025-08-01T14:17:20.679938Z","level":"info","event":"Saved NDVI image to /home/user/airflow/historical_TIFs/2025-06-23_NDVI.tif","chan":"stdout","logger":"task"}
{"timestamp":"2025-08-01T14:17:22.914359Z","level":"info","event":"Downloading NDVI for 2025-06-28","chan":"stdout","logger":"task"}
{"timestamp":"2025-08-01T14:17:23.342232Z","level":"info","event":"Saved NDVI image to /home/user/airflow/historical_TIFs/2025-06-28_NDVI.tif","chan":"stdout","logger":"task"}
{"timestamp":"2025-08-01T14:17:24.996312Z","level":"info","event":"Downloading NDVI for 2025-07-08","chan":"stdout","logger":"task"}
{"timestamp":"2025-08-01T14:17:26.085766Z","level":"info","event":"Saved NDVI image to /home/user/airflow/historical_TIFs/2025-07-08_NDVI.tif","chan":"stdout","logger":"task"}
{"timestamp":"2025-08-01T14:17:28.656223Z","level":"info","event":"Downloading NDVI for 2025-07-10","chan":"stdout","logger":"task"}
{"timestamp":"2025-08-01T14:17:29.674807Z","level":"info","event":"Saved NDVI image to /home/user/airflow/historical_TIFs/2025-07-10_NDVI.tif","chan":"stdout","logger":"task"}
{"timestamp":"2025-08-01T14:17:31.176918Z","level":"info","event":"Downloading NDVI for 2025-07-18","chan":"stdout","logger":"task"}
{"timestamp":"2025-08-01T14:17:32.206893Z","level":"info","event":"Saved NDVI image to /home/user/airflow/historical_TIFs/2025-07-18_NDVI.tif","chan":"stdout","logger":"task"}
{"timestamp":"2025-08-01T14:17:34.685744Z","level":"info","event":"Downloading NDVI for 2025-07-20","chan":"stdout","logger":"task"}
{"timestamp":"2025-08-01T14:17:35.659260Z","level":"info","event":"Saved NDVI image to /home/user/airflow/historical_TIFs/2025-07-20_NDVI.tif","chan":"stdout","logger":"task"}
{"timestamp":"2025-08-01T14:17:44.484452Z","level":"info","event":"Downloading NDVI for 2025-07-28","chan":"stdout","logger":"task"}
{"timestamp":"2025-08-01T14:17:44.931228Z","level":"info","event":"Saved NDVI image to /home/user/airflow/historical_TIFs/2025-07-28_NDVI.tif","chan":"stdout","logger":"task"}
{"timestamp":"2025-08-01T14:17:46.554390Z","level":"info","event":"Downloading NDVI for 2025-07-30","chan":"stdout","logger":"task"}
{"timestamp":"2025-08-01T14:17:47.532913Z","level":"info","event":"Saved NDVI image to /home/user/airflow/historical_TIFs/2025-07-30_NDVI.tif","chan":"stdout","logger":"task"}
{"timestamp":"2025-08-01T14:17:47.533121Z","level":"info","event":"Finished downloading historical images.","chan":"stdout","logger":"task"}
{"timestamp":"2025-08-01T14:17:47.533430","level":"info","event":"Done. Returned value was: None","logger":"airflow.task.operators.airflow.providers.standard.operators.python.PythonOperator"}
{"timestamp":"2025-08-01T14:17:47.552231Z","level":"info","event":"Task instance in success state","chan":"stdout","logger":"task"}
{"timestamp":"2025-08-01T14:17:47.552331Z","level":"info","event":" Previous state of the Task instance: TaskInstanceState.RUNNING","chan":"stdout","logger":"task"}
{"timestamp":"2025-08-01T14:17:47.552503Z","level":"info","event":"Task operator:<Task(PythonOperator): download_historical_images>","chan":"stdout","logger":"task"}
